16:52:20 **** Incremental Build of configuration Debug for project Lab4_LCD ****
make -j8 all 
arm-none-eabi-gcc "../Core/Src/lcd.c" -mcpu=cortex-m4 -std=gnu11 -g3 -DDEBUG -DUSE_HAL_DRIVER -DSTM32F401xE -c -I../Core/Inc -I../Drivers/STM32F4xx_HAL_Driver/Inc -I../Drivers/STM32F4xx_HAL_Driver/Inc/Legacy -I../Drivers/CMSIS/Device/ST/STM32F4xx/Include -I../Drivers/CMSIS/Include -O0 -ffunction-sections -fdata-sections -Wall -fstack-usage -fcyclomatic-complexity -MMD -MP -MF"Core/Src/lcd.d" -MT"Core/Src/lcd.o" --specs=nano.specs -mfpu=fpv4-sp-d16 -mfloat-abi=hard -mthumb -o "Core/Src/lcd.o"
arm-none-eabi-gcc "../Core/Src/main.c" -mcpu=cortex-m4 -std=gnu11 -g3 -DDEBUG -DUSE_HAL_DRIVER -DSTM32F401xE -c -I../Core/Inc -I../Drivers/STM32F4xx_HAL_Driver/Inc -I../Drivers/STM32F4xx_HAL_Driver/Inc/Legacy -I../Drivers/CMSIS/Device/ST/STM32F4xx/Include -I../Drivers/CMSIS/Include -O0 -ffunction-sections -fdata-sections -Wall -fstack-usage -fcyclomatic-complexity -MMD -MP -MF"Core/Src/main.d" -MT"Core/Src/main.o" --specs=nano.specs -mfpu=fpv4-sp-d16 -mfloat-abi=hard -mthumb -o "Core/Src/main.o"
arm-none-eabi-gcc "../Core/Src/stm32f4xx_hal_msp.c" -mcpu=cortex-m4 -std=gnu11 -g3 -DDEBUG -DUSE_HAL_DRIVER -DSTM32F401xE -c -I../Core/Inc -I../Drivers/STM32F4xx_HAL_Driver/Inc -I../Drivers/STM32F4xx_HAL_Driver/Inc/Legacy -I../Drivers/CMSIS/Device/ST/STM32F4xx/Include -I../Drivers/CMSIS/Include -O0 -ffunction-sections -fdata-sections -Wall -fstack-usage -fcyclomatic-complexity -MMD -MP -MF"Core/Src/stm32f4xx_hal_msp.d" -MT"Core/Src/stm32f4xx_hal_msp.o" --specs=nano.specs -mfpu=fpv4-sp-d16 -mfloat-abi=hard -mthumb -o "Core/Src/stm32f4xx_hal_msp.o"
arm-none-eabi-gcc "../Core/Src/stm32f4xx_it.c" -mcpu=cortex-m4 -std=gnu11 -g3 -DDEBUG -DUSE_HAL_DRIVER -DSTM32F401xE -c -I../Core/Inc -I../Drivers/STM32F4xx_HAL_Driver/Inc -I../Drivers/STM32F4xx_HAL_Driver/Inc/Legacy -I../Drivers/CMSIS/Device/ST/STM32F4xx/Include -I../Drivers/CMSIS/Include -O0 -ffunction-sections -fdata-sections -Wall -fstack-usage -fcyclomatic-complexity -MMD -MP -MF"Core/Src/stm32f4xx_it.d" -MT"Core/Src/stm32f4xx_it.o" --specs=nano.specs -mfpu=fpv4-sp-d16 -mfloat-abi=hard -mthumb -o "Core/Src/stm32f4xx_it.o"
In file included from ../Core/Inc/lcd.h:4,
                 from ../Core/Src/lcd.c:2:
../Core/Inc/main.h:68:1: error: expected declaration specifiers or '...' before ')' token
   68 | );
      | ^
../Core/Inc/lcd.h:15:9: error: unknown type name 'I2C_HandleTypeDef'
   15 |         I2C_HandleTypeDef       *       hi2c;
      |         ^~~~~~~~~~~~~~~~~
In file included from ../Core/Src/stm32f4xx_it.c:21:
../Core/Inc/main.h:68:1: error: expected declaration specifiers or '...' before ')' token
   68 | );
      | ^
make: *** [Core/Src/subdir.mk:37: Core/Src/stm32f4xx_it.o] Error 1
make: *** Waiting for unfinished jobs....
../Core/Inc/lcd.h:27:37: error: unknown type name 'I2C_HandleTypeDef'; did you mean 'TIM_HandleTypeDef'?
   27 | void TextLCD_Init(TextLCDType *lcd, I2C_HandleTypeDef *hi2c, uint8_t DevAddress);
      |                                     ^~~~~~~~~~~~~~~~~
      |                                     TIM_HandleTypeDef
In file included from ../Core/Src/main.c:20:
../Core/Inc/main.h:68:1: error: expected declaration specifiers or '...' before ')' token
   68 | );
      | ^
In file included from ../Core/Src/stm32f4xx_hal_msp.c:23:
../Core/Inc/main.h:68:1: error: expected declaration specifiers or '...' before ')' token
   68 | );
      | ^
make: *** [Core/Src/subdir.mk:37: Core/Src/stm32f4xx_hal_msp.o] Error 1
../Core/Src/main.c: In function 'uart_print_cd':
../Core/Src/main.c:124:9: warning: implicit declaration of function 'snprintf' [-Wimplicit-function-declaration]
  124 |         snprintf(buffer, sizeof(buffer), "%02d:%02d:%02d\r\n", pcd->hrs, pcd->min, pcd->sec);
      |         ^~~~~~~~
../Core/Src/main.c:22:1: note: include '<stdio.h>' or provide a declaration of 'snprintf'
   21 | #include <string.h>
  +++ |+#include <stdio.h>
   22 | 
../Core/Src/main.c:124:9: warning: incompatible implicit declaration of built-in function 'snprintf' [-Wbuiltin-declaration-mismatch]
  124 |         snprintf(buffer, sizeof(buffer), "%02d:%02d:%02d\r\n", pcd->hrs, pcd->min, pcd->sec);
      |         ^~~~~~~~
../Core/Src/main.c:124:9: note: include '<stdio.h>' or provide a declaration of 'snprintf'
../Core/Src/main.c: In function 'main':
../Core/Src/main.c:182:33: warning: passing argument 1 of 'uart_print_cd' from incompatible pointer type [-Wincompatible-pointer-types]
  182 |                   uart_print_cd(&htim2,&my_clock);
      |                                 ^~~~~~
      |                                 |
      |                                 TIM_HandleTypeDef *
../Core/Src/main.c:120:40: note: expected 'UART_HandleTypeDef *' {aka 'struct __UART_HandleTypeDef *'} but argument is of type 'TIM_HandleTypeDef *'
  120 | void uart_print_cd(UART_HandleTypeDef *huart, struct clock_data *pcd)
      |                    ~~~~~~~~~~~~~~~~~~~~^~~~~
make: *** [Core/Src/subdir.mk:37: Core/Src/main.o] Error 1
../Core/Src/lcd.c: In function 'TextLCD_SendNibbleWithPulseOnE':
../Core/Src/lcd.c:49:9: warning: implicit declaration of function 'HAL_I2C_Master_Transmit' [-Wimplicit-function-declaration]
   49 |         HAL_I2C_Master_Transmit(hlcd->hi2c, hlcd->device_address, &data, 1, 1000);
      |         ^~~~~~~~~~~~~~~~~~~~~~~
../Core/Src/lcd.c: At top level:
../Core/Src/lcd.c:87:17: error: unknown type name 'I2C_HandleTypeDef'; did you mean 'TIM_HandleTypeDef'?
   87 |                 I2C_HandleTypeDef   *   hi2c,
      |                 ^~~~~~~~~~~~~~~~~
      |                 TIM_HandleTypeDef
make: *** [Core/Src/subdir.mk:37: Core/Src/lcd.o] Error 1
"make -j8 all" terminated with exit code 2. Build might be incomplete.
16:52:51 **** Incremental Build of configuration Debug for project Lab4_LCD ****
make -j8 all 
arm-none-eabi-gcc "../Core/Src/lcd.c" -mcpu=cortex-m4 -std=gnu11 -g3 -DDEBUG -DUSE_HAL_DRIVER -DSTM32F401xE -c -I../Core/Inc -I../Drivers/STM32F4xx_HAL_Driver/Inc -I../Drivers/STM32F4xx_HAL_Driver/Inc/Legacy -I../Drivers/CMSIS/Device/ST/STM32F4xx/Include -I../Drivers/CMSIS/Include -O0 -ffunction-sections -fdata-sections -Wall -fstack-usage -fcyclomatic-complexity -MMD -MP -MF"Core/Src/lcd.d" -MT"Core/Src/lcd.o" --specs=nano.specs -mfpu=fpv4-sp-d16 -mfloat-abi=hard -mthumb -o "Core/Src/lcd.o"
arm-none-eabi-gcc "../Core/Src/main.c" -mcpu=cortex-m4 -std=gnu11 -g3 -DDEBUG -DUSE_HAL_DRIVER -DSTM32F401xE -c -I../Core/Inc -I../Drivers/STM32F4xx_HAL_Driver/Inc -I../Drivers/STM32F4xx_HAL_Driver/Inc/Legacy -I../Drivers/CMSIS/Device/ST/STM32F4xx/Include -I../Drivers/CMSIS/Include -O0 -ffunction-sections -fdata-sections -Wall -fstack-usage -fcyclomatic-complexity -MMD -MP -MF"Core/Src/main.d" -MT"Core/Src/main.o" --specs=nano.specs -mfpu=fpv4-sp-d16 -mfloat-abi=hard -mthumb -o "Core/Src/main.o"
arm-none-eabi-gcc "../Core/Src/stm32f4xx_hal_msp.c" -mcpu=cortex-m4 -std=gnu11 -g3 -DDEBUG -DUSE_HAL_DRIVER -DSTM32F401xE -c -I../Core/Inc -I../Drivers/STM32F4xx_HAL_Driver/Inc -I../Drivers/STM32F4xx_HAL_Driver/Inc/Legacy -I../Drivers/CMSIS/Device/ST/STM32F4xx/Include -I../Drivers/CMSIS/Include -O0 -ffunction-sections -fdata-sections -Wall -fstack-usage -fcyclomatic-complexity -MMD -MP -MF"Core/Src/stm32f4xx_hal_msp.d" -MT"Core/Src/stm32f4xx_hal_msp.o" --specs=nano.specs -mfpu=fpv4-sp-d16 -mfloat-abi=hard -mthumb -o "Core/Src/stm32f4xx_hal_msp.o"
arm-none-eabi-gcc "../Core/Src/stm32f4xx_it.c" -mcpu=cortex-m4 -std=gnu11 -g3 -DDEBUG -DUSE_HAL_DRIVER -DSTM32F401xE -c -I../Core/Inc -I../Drivers/STM32F4xx_HAL_Driver/Inc -I../Drivers/STM32F4xx_HAL_Driver/Inc/Legacy -I../Drivers/CMSIS/Device/ST/STM32F4xx/Include -I../Drivers/CMSIS/Include -O0 -ffunction-sections -fdata-sections -Wall -fstack-usage -fcyclomatic-complexity -MMD -MP -MF"Core/Src/stm32f4xx_it.d" -MT"Core/Src/stm32f4xx_it.o" --specs=nano.specs -mfpu=fpv4-sp-d16 -mfloat-abi=hard -mthumb -o "Core/Src/stm32f4xx_it.o"
In file included from ../Core/Src/lcd.c:2:
../Core/Inc/lcd.h:15:9: error: unknown type name 'I2C_HandleTypeDef'
   15 |         I2C_HandleTypeDef       *       hi2c;
      |         ^~~~~~~~~~~~~~~~~
../Core/Src/main.c: In function 'uart_print_cd':
../Core/Src/main.c:124:9: warning: implicit declaration of function 'snprintf' [-Wimplicit-function-declaration]
  124 |         snprintf(buffer, sizeof(buffer), "%02d:%02d:%02d\r\n", pcd->hrs, pcd->min, pcd->sec);
      |         ^~~~~~~~
../Core/Src/main.c:22:1: note: include '<stdio.h>' or provide a declaration of 'snprintf'
   21 | #include <string.h>
  +++ |+#include <stdio.h>
   22 | 
../Core/Src/main.c:124:9: warning: incompatible implicit declaration of built-in function 'snprintf' [-Wbuiltin-declaration-mismatch]
  124 |         snprintf(buffer, sizeof(buffer), "%02d:%02d:%02d\r\n", pcd->hrs, pcd->min, pcd->sec);
      |         ^~~~~~~~
../Core/Src/main.c:124:9: note: include '<stdio.h>' or provide a declaration of 'snprintf'
../Core/Src/main.c: In function 'main':
../Core/Src/main.c:182:33: warning: passing argument 1 of 'uart_print_cd' from incompatible pointer type [-Wincompatible-pointer-types]
  182 |                   uart_print_cd(&htim2,&my_clock);
      |                                 ^~~~~~
      |                                 |
      |                                 TIM_HandleTypeDef *
../Core/Src/main.c:120:40: note: expected 'UART_HandleTypeDef *' {aka 'struct __UART_HandleTypeDef *'} but argument is of type 'TIM_HandleTypeDef *'
  120 | void uart_print_cd(UART_HandleTypeDef *huart, struct clock_data *pcd)
      |                    ~~~~~~~~~~~~~~~~~~~~^~~~~
../Core/Inc/lcd.h:27:37: error: unknown type name 'I2C_HandleTypeDef'; did you mean 'TIM_HandleTypeDef'?
   27 | void TextLCD_Init(TextLCDType *lcd, I2C_HandleTypeDef *hi2c, uint8_t DevAddress);
      |                                     ^~~~~~~~~~~~~~~~~
      |                                     TIM_HandleTypeDef
../Core/Src/lcd.c: In function 'TextLCD_SendNibbleWithPulseOnE':
../Core/Src/lcd.c:49:9: warning: implicit declaration of function 'HAL_I2C_Master_Transmit' [-Wimplicit-function-declaration]
   49 |         HAL_I2C_Master_Transmit(hlcd->hi2c, hlcd->device_address, &data, 1, 1000);
      |         ^~~~~~~~~~~~~~~~~~~~~~~
../Core/Src/lcd.c: At top level:
../Core/Src/lcd.c:87:17: error: unknown type name 'I2C_HandleTypeDef'; did you mean 'TIM_HandleTypeDef'?
   87 |                 I2C_HandleTypeDef   *   hi2c,
      |                 ^~~~~~~~~~~~~~~~~
      |                 TIM_HandleTypeDef
make: *** [Core/Src/subdir.mk:37: Core/Src/lcd.o] Error 1
make: *** Waiting for unfinished jobs....
"make -j8 all" terminated with exit code 2. Build might be incomplete.
16:53:53 **** Incremental Build of configuration Debug for project Lab3_klocka_och_knapp ****
make -j8 all 
arm-none-eabi-size  Lab3_klocka_och_knapp.elf 
   text	   data	    bss	    dec	    hex	filename
  18496	    120	   2064	  20680	   50c8	Lab3_klocka_och_knapp.elf
Finished building: default.size.stdout
 
16:54:33 **** Incremental Build of configuration Debug for project Lab3_klocka_och_knapp ****
make -j8 all 
arm-none-eabi-size  Lab3_klocka_och_knapp.elf 
   text	   data	    bss	    dec	    hex	filename
  18496	    120	   2064	  20680	   50c8	Lab3_klocka_och_knapp.elf
Finished building: default.size.stdout
 
16:55:00 **** Incremental Build of configuration Debug for project Lab3_klocka_och_knapp ****
make -j8 all 
arm-none-eabi-size  Lab3_klocka_och_knapp.elf 
   text	   data	    bss	    dec	    hex	filename
  18496	    120	   2064	  20680	   50c8	Lab3_klocka_och_knapp.elf
Finished building: default.size.stdout
 
16:55:21 **** Incremental Build of configuration Debug for project Lab3_klocka_och_knapp ****
make -j8 all 
arm-none-eabi-size  Lab3_klocka_och_knapp.elf 
   text	   data	    bss	    dec	    hex	filename
  18496	    120	   2064	  20680	   50c8	Lab3_klocka_och_knapp.elf
Finished building: default.size.stdout
 
16:55:50 **** Incremental Build of configuration Debug for project Lab4_LCD ****
make -j8 all 
arm-none-eabi-gcc "../Core/Src/lcd.c" -mcpu=cortex-m4 -std=gnu11 -g3 -DDEBUG -DUSE_HAL_DRIVER -DSTM32F401xE -c -I../Core/Inc -I../Drivers/STM32F4xx_HAL_Driver/Inc -I../Drivers/STM32F4xx_HAL_Driver/Inc/Legacy -I../Drivers/CMSIS/Device/ST/STM32F4xx/Include -I../Drivers/CMSIS/Include -O0 -ffunction-sections -fdata-sections -Wall -fstack-usage -fcyclomatic-complexity -MMD -MP -MF"Core/Src/lcd.d" -MT"Core/Src/lcd.o" --specs=nano.specs -mfpu=fpv4-sp-d16 -mfloat-abi=hard -mthumb -o "Core/Src/lcd.o"
arm-none-eabi-gcc "../Core/Src/main.c" -mcpu=cortex-m4 -std=gnu11 -g3 -DDEBUG -DUSE_HAL_DRIVER -DSTM32F401xE -c -I../Core/Inc -I../Drivers/STM32F4xx_HAL_Driver/Inc -I../Drivers/STM32F4xx_HAL_Driver/Inc/Legacy -I../Drivers/CMSIS/Device/ST/STM32F4xx/Include -I../Drivers/CMSIS/Include -O0 -ffunction-sections -fdata-sections -Wall -fstack-usage -fcyclomatic-complexity -MMD -MP -MF"Core/Src/main.d" -MT"Core/Src/main.o" --specs=nano.specs -mfpu=fpv4-sp-d16 -mfloat-abi=hard -mthumb -o "Core/Src/main.o"
In file included from ../Core/Src/lcd.c:2:
../Core/Inc/lcd.h:15:9: error: unknown type name 'I2C_HandleTypeDef'
   15 |         I2C_HandleTypeDef       *       hi2c;
      |         ^~~~~~~~~~~~~~~~~
../Core/Src/main.c: In function 'uart_print_cd':
../Core/Src/main.c:124:9: warning: implicit declaration of function 'snprintf' [-Wimplicit-function-declaration]
  124 |         snprintf(buffer, sizeof(buffer), "%02d:%02d:%02d\r\n", pcd->hrs, pcd->min, pcd->sec);
      |         ^~~~~~~~
../Core/Src/main.c:22:1: note: include '<stdio.h>' or provide a declaration of 'snprintf'
   21 | #include <string.h>
  +++ |+#include <stdio.h>
   22 | 
../Core/Src/main.c:124:9: warning: incompatible implicit declaration of built-in function 'snprintf' [-Wbuiltin-declaration-mismatch]
  124 |         snprintf(buffer, sizeof(buffer), "%02d:%02d:%02d\r\n", pcd->hrs, pcd->min, pcd->sec);
      |         ^~~~~~~~
../Core/Src/main.c:124:9: note: include '<stdio.h>' or provide a declaration of 'snprintf'
../Core/Src/main.c: In function 'main':
../Core/Src/main.c:182:33: warning: passing argument 1 of 'uart_print_cd' from incompatible pointer type [-Wincompatible-pointer-types]
  182 |                   uart_print_cd(&htim2,&my_clock);
      |                                 ^~~~~~
      |                                 |
      |                                 TIM_HandleTypeDef *
../Core/Src/main.c:120:40: note: expected 'UART_HandleTypeDef *' {aka 'struct __UART_HandleTypeDef *'} but argument is of type 'TIM_HandleTypeDef *'
  120 | void uart_print_cd(UART_HandleTypeDef *huart, struct clock_data *pcd)
      |                    ~~~~~~~~~~~~~~~~~~~~^~~~~
../Core/Inc/lcd.h:27:37: error: unknown type name 'I2C_HandleTypeDef'; did you mean 'TIM_HandleTypeDef'?
   27 | void TextLCD_Init(TextLCDType *lcd, I2C_HandleTypeDef *hi2c, uint8_t DevAddress);
      |                                     ^~~~~~~~~~~~~~~~~
      |                                     TIM_HandleTypeDef
../Core/Src/lcd.c: In function 'TextLCD_SendNibbleWithPulseOnE':
../Core/Src/lcd.c:49:9: warning: implicit declaration of function 'HAL_I2C_Master_Transmit' [-Wimplicit-function-declaration]
   49 |         HAL_I2C_Master_Transmit(hlcd->hi2c, hlcd->device_address, &data, 1, 1000);
      |         ^~~~~~~~~~~~~~~~~~~~~~~
../Core/Src/lcd.c: At top level:
../Core/Src/lcd.c:87:17: error: unknown type name 'I2C_HandleTypeDef'; did you mean 'TIM_HandleTypeDef'?
   87 |                 I2C_HandleTypeDef   *   hi2c,
      |                 ^~~~~~~~~~~~~~~~~
      |                 TIM_HandleTypeDef
make: *** [Core/Src/subdir.mk:37: Core/Src/lcd.o] Error 1
make: *** Waiting for unfinished jobs....
"make -j8 all" terminated with exit code 2. Build might be incomplete.
16:56:52 **** Incremental Build of configuration Debug for project Lab4_LCD ****
make -j8 all 
arm-none-eabi-gcc "../Core/Src/main.c" -mcpu=cortex-m4 -std=gnu11 -g3 -DDEBUG -DUSE_HAL_DRIVER -DSTM32F401xE -c -I../Core/Inc -I../Drivers/STM32F4xx_HAL_Driver/Inc -I../Drivers/STM32F4xx_HAL_Driver/Inc/Legacy -I../Drivers/CMSIS/Device/ST/STM32F4xx/Include -I../Drivers/CMSIS/Include -O0 -ffunction-sections -fdata-sections -Wall -fstack-usage -fcyclomatic-complexity -MMD -MP -MF"Core/Src/main.d" -MT"Core/Src/main.o" --specs=nano.specs -mfpu=fpv4-sp-d16 -mfloat-abi=hard -mthumb -o "Core/Src/main.o"
arm-none-eabi-gcc "../Core/Src/stm32f4xx_hal_msp.c" -mcpu=cortex-m4 -std=gnu11 -g3 -DDEBUG -DUSE_HAL_DRIVER -DSTM32F401xE -c -I../Core/Inc -I../Drivers/STM32F4xx_HAL_Driver/Inc -I../Drivers/STM32F4xx_HAL_Driver/Inc/Legacy -I../Drivers/CMSIS/Device/ST/STM32F4xx/Include -I../Drivers/CMSIS/Include -O0 -ffunction-sections -fdata-sections -Wall -fstack-usage -fcyclomatic-complexity -MMD -MP -MF"Core/Src/stm32f4xx_hal_msp.d" -MT"Core/Src/stm32f4xx_hal_msp.o" --specs=nano.specs -mfpu=fpv4-sp-d16 -mfloat-abi=hard -mthumb -o "Core/Src/stm32f4xx_hal_msp.o"
arm-none-eabi-gcc "../Core/Src/stm32f4xx_it.c" -mcpu=cortex-m4 -std=gnu11 -g3 -DDEBUG -DUSE_HAL_DRIVER -DSTM32F401xE -c -I../Core/Inc -I../Drivers/STM32F4xx_HAL_Driver/Inc -I../Drivers/STM32F4xx_HAL_Driver/Inc/Legacy -I../Drivers/CMSIS/Device/ST/STM32F4xx/Include -I../Drivers/CMSIS/Include -O0 -ffunction-sections -fdata-sections -Wall -fstack-usage -fcyclomatic-complexity -MMD -MP -MF"Core/Src/stm32f4xx_it.d" -MT"Core/Src/stm32f4xx_it.o" --specs=nano.specs -mfpu=fpv4-sp-d16 -mfloat-abi=hard -mthumb -o "Core/Src/stm32f4xx_it.o"
arm-none-eabi-gcc "../Core/Src/syscalls.c" -mcpu=cortex-m4 -std=gnu11 -g3 -DDEBUG -DUSE_HAL_DRIVER -DSTM32F401xE -c -I../Core/Inc -I../Drivers/STM32F4xx_HAL_Driver/Inc -I../Drivers/STM32F4xx_HAL_Driver/Inc/Legacy -I../Drivers/CMSIS/Device/ST/STM32F4xx/Include -I../Drivers/CMSIS/Include -O0 -ffunction-sections -fdata-sections -Wall -fstack-usage -fcyclomatic-complexity -MMD -MP -MF"Core/Src/syscalls.d" -MT"Core/Src/syscalls.o" --specs=nano.specs -mfpu=fpv4-sp-d16 -mfloat-abi=hard -mthumb -o "Core/Src/syscalls.o"
arm-none-eabi-gcc "../Core/Src/sysmem.c" -mcpu=cortex-m4 -std=gnu11 -g3 -DDEBUG -DUSE_HAL_DRIVER -DSTM32F401xE -c -I../Core/Inc -I../Drivers/STM32F4xx_HAL_Driver/Inc -I../Drivers/STM32F4xx_HAL_Driver/Inc/Legacy -I../Drivers/CMSIS/Device/ST/STM32F4xx/Include -I../Drivers/CMSIS/Include -O0 -ffunction-sections -fdata-sections -Wall -fstack-usage -fcyclomatic-complexity -MMD -MP -MF"Core/Src/sysmem.d" -MT"Core/Src/sysmem.o" --specs=nano.specs -mfpu=fpv4-sp-d16 -mfloat-abi=hard -mthumb -o "Core/Src/sysmem.o"
arm-none-eabi-gcc "../Core/Src/system_stm32f4xx.c" -mcpu=cortex-m4 -std=gnu11 -g3 -DDEBUG -DUSE_HAL_DRIVER -DSTM32F401xE -c -I../Core/Inc -I../Drivers/STM32F4xx_HAL_Driver/Inc -I../Drivers/STM32F4xx_HAL_Driver/Inc/Legacy -I../Drivers/CMSIS/Device/ST/STM32F4xx/Include -I../Drivers/CMSIS/Include -O0 -ffunction-sections -fdata-sections -Wall -fstack-usage -fcyclomatic-complexity -MMD -MP -MF"Core/Src/system_stm32f4xx.d" -MT"Core/Src/system_stm32f4xx.o" --specs=nano.specs -mfpu=fpv4-sp-d16 -mfloat-abi=hard -mthumb -o "Core/Src/system_stm32f4xx.o"
../Core/Src/main.c: In function 'uart_print_cd':
../Core/Src/main.c:124:9: warning: implicit declaration of function 'snprintf' [-Wimplicit-function-declaration]
  124 |         snprintf(buffer, sizeof(buffer), "%02d:%02d:%02d\r\n", pcd->hrs, pcd->min, pcd->sec);
      |         ^~~~~~~~
../Core/Src/main.c:22:1: note: include '<stdio.h>' or provide a declaration of 'snprintf'
   21 | #include <string.h>
  +++ |+#include <stdio.h>
   22 | 
../Core/Src/main.c:124:9: warning: incompatible implicit declaration of built-in function 'snprintf' [-Wbuiltin-declaration-mismatch]
  124 |         snprintf(buffer, sizeof(buffer), "%02d:%02d:%02d\r\n", pcd->hrs, pcd->min, pcd->sec);
      |         ^~~~~~~~
../Core/Src/main.c:124:9: note: include '<stdio.h>' or provide a declaration of 'snprintf'
../Core/Src/main.c: In function 'main':
../Core/Src/main.c:182:33: warning: passing argument 1 of 'uart_print_cd' from incompatible pointer type [-Wincompatible-pointer-types]
  182 |                   uart_print_cd(&htim2,&my_clock);
      |                                 ^~~~~~
      |                                 |
      |                                 TIM_HandleTypeDef *
../Core/Src/main.c:120:40: note: expected 'UART_HandleTypeDef *' {aka 'struct __UART_HandleTypeDef *'} but argument is of type 'TIM_HandleTypeDef *'
  120 | void uart_print_cd(UART_HandleTypeDef *huart, struct clock_data *pcd)
      |                    ~~~~~~~~~~~~~~~~~~~~^~~~~
arm-none-eabi-gcc -o "Lab4_LCD.elf" @"objects.list"   -mcpu=cortex-m4 -T"/home/deividas/School/Prog/MKLabbar/MikrodatorteknikTMIK13/Lab4_LCD/STM32F401RETX_FLASH.ld" --specs=nosys.specs -Wl,-Map="Lab4_LCD.map" -Wl,--gc-sections -static --specs=nano.specs -mfpu=fpv4-sp-d16 -mfloat-abi=hard -mthumb -Wl,--start-group -lc -lm -Wl,--end-group
Finished building target: Lab4_LCD.elf
 
arm-none-eabi-size  Lab4_LCD.elf 
arm-none-eabi-objdump -h -S Lab4_LCD.elf  > "Lab4_LCD.list"
   text	   data	    bss	    dec	    hex	filename
  13856	     92	   2052	  16000	   3e80	Lab4_LCD.elf
Finished building: default.size.stdout
 
Finished building: Lab4_LCD.list
 
16:57:02 **** Incremental Build of configuration Debug for project Lab3_klocka_och_knapp ****
make -j8 all 
arm-none-eabi-size  Lab3_klocka_och_knapp.elf 
   text	   data	    bss	    dec	    hex	filename
  18496	    120	   2064	  20680	   50c8	Lab3_klocka_och_knapp.elf
Finished building: default.size.stdout
 
16:57:35 **** Incremental Build of configuration Debug for project Lab3_klocka_och_knapp ****
make -j8 all 
arm-none-eabi-size  Lab3_klocka_och_knapp.elf 
   text	   data	    bss	    dec	    hex	filename
  18496	    120	   2064	  20680	   50c8	Lab3_klocka_och_knapp.elf
Finished building: default.size.stdout
 
16:58:56 **** Incremental Build of configuration Debug for project Lab4_LCD ****
make -j8 all 
arm-none-eabi-size  Lab4_LCD.elf 
   text	   data	    bss	    dec	    hex	filename
  13856	     92	   2052	  16000	   3e80	Lab4_LCD.elf
Finished building: default.size.stdout
 
16:59:58 **** Incremental Build of configuration Debug for project Lab4_LCD ****
make -j8 all 
arm-none-eabi-size  Lab4_LCD.elf 
   text	   data	    bss	    dec	    hex	filename
  13856	     92	   2052	  16000	   3e80	Lab4_LCD.elf
Finished building: default.size.stdout
 
14:00:33 **** Incremental Build of configuration Debug for project Lab0_blinky_ff ****
make -j8 all 
arm-none-eabi-size  Lab0_blinky_ff.elf 
   text	   data	    bss	    dec	    hex	filename
  11132	     92	   1972	  13196	   338c	Lab0_blinky_ff.elf
Finished building: default.size.stdout
 
14:00:33 **** Incremental Build of configuration Debug for project Lab1_Tarning ****
make -j8 all 
arm-none-eabi-gcc -o "Lab1_Tarning.elf" @"objects.list"   -mcpu=cortex-m4 -T"/home/deividas/School/Prog/MKLabbar/MikrodatorteknikTMIK13/Lab1_Tarning/STM32F401RETX_FLASH.ld" --specs=nosys.specs -Wl,-Map="Lab1_Tarning.map" -Wl,--gc-sections -static --specs=nano.specs -mfpu=fpv4-sp-d16 -mfloat-abi=hard -mthumb -Wl,--start-group -lc -lm -Wl,--end-group
/home/deividas/Programs/STM32CubeIDE/plugins/com.st.stm32cube.ide.mcu.externaltools.gnu-tools-for-stm32.12.3.rel1.linux64_1.0.200.202406132123/tools/bin/../lib/gcc/arm-none-eabi/12.3.1/../../../../arm-none-eabi/bin/ld: ./Core/Src/main.o: in function `main':
/home/deividas/School/Prog/MKLabbar/MikrodatorteknikTMIK13/Lab1_Tarning/Debug/../Core/Src/main.c:152: undefined reference to `put_die_dots'
collect2: error: ld returned 1 exit status
make: *** [makefile:64: Lab1_Tarning.elf] Error 1
"make -j8 all" terminated with exit code 2. Build might be incomplete.
14:00:34 **** Incremental Build of configuration Debug for project Lab2_trafikljus ****
make -j8 all 
arm-none-eabi-size  Lab2_trafikljus.elf 
   text	   data	    bss	    dec	    hex	filename
   8644	     12	   1644	  10300	   283c	Lab2_trafikljus.elf
Finished building: default.size.stdout
 
14:00:34 **** Incremental Build of configuration Debug for project Lab3_klocka_och_knapp ****
make -j8 all 
arm-none-eabi-size  Lab3_klocka_och_knapp.elf 
   text	   data	    bss	    dec	    hex	filename
  18496	    120	   2064	  20680	   50c8	Lab3_klocka_och_knapp.elf
Finished building: default.size.stdout
 
14:00:34 **** Incremental Build of configuration Debug for project Lab4_LCD ****
make -j8 all 
arm-none-eabi-gcc "../Drivers/STM32F4xx_HAL_Driver/Src/stm32f4xx_hal.c" -mcpu=cortex-m4 -std=gnu11 -g3 -DDEBUG -DUSE_HAL_DRIVER -DSTM32F401xE -c -I../Core/Inc -I../Drivers/STM32F4xx_HAL_Driver/Inc -I../Drivers/STM32F4xx_HAL_Driver/Inc/Legacy -I../Drivers/CMSIS/Device/ST/STM32F4xx/Include -I../Drivers/CMSIS/Include -O0 -ffunction-sections -fdata-sections -Wall -fstack-usage -fcyclomatic-complexity -MMD -MP -MF"Drivers/STM32F4xx_HAL_Driver/Src/stm32f4xx_hal.d" -MT"Drivers/STM32F4xx_HAL_Driver/Src/stm32f4xx_hal.o" --specs=nano.specs -mfpu=fpv4-sp-d16 -mfloat-abi=hard -mthumb -o "Drivers/STM32F4xx_HAL_Driver/Src/stm32f4xx_hal.o"
arm-none-eabi-gcc "../Drivers/STM32F4xx_HAL_Driver/Src/stm32f4xx_hal_cortex.c" -mcpu=cortex-m4 -std=gnu11 -g3 -DDEBUG -DUSE_HAL_DRIVER -DSTM32F401xE -c -I../Core/Inc -I../Drivers/STM32F4xx_HAL_Driver/Inc -I../Drivers/STM32F4xx_HAL_Driver/Inc/Legacy -I../Drivers/CMSIS/Device/ST/STM32F4xx/Include -I../Drivers/CMSIS/Include -O0 -ffunction-sections -fdata-sections -Wall -fstack-usage -fcyclomatic-complexity -MMD -MP -MF"Drivers/STM32F4xx_HAL_Driver/Src/stm32f4xx_hal_cortex.d" -MT"Drivers/STM32F4xx_HAL_Driver/Src/stm32f4xx_hal_cortex.o" --specs=nano.specs -mfpu=fpv4-sp-d16 -mfloat-abi=hard -mthumb -o "Drivers/STM32F4xx_HAL_Driver/Src/stm32f4xx_hal_cortex.o"
arm-none-eabi-gcc "../Drivers/STM32F4xx_HAL_Driver/Src/stm32f4xx_hal_dma.c" -mcpu=cortex-m4 -std=gnu11 -g3 -DDEBUG -DUSE_HAL_DRIVER -DSTM32F401xE -c -I../Core/Inc -I../Drivers/STM32F4xx_HAL_Driver/Inc -I../Drivers/STM32F4xx_HAL_Driver/Inc/Legacy -I../Drivers/CMSIS/Device/ST/STM32F4xx/Include -I../Drivers/CMSIS/Include -O0 -ffunction-sections -fdata-sections -Wall -fstack-usage -fcyclomatic-complexity -MMD -MP -MF"Drivers/STM32F4xx_HAL_Driver/Src/stm32f4xx_hal_dma.d" -MT"Drivers/STM32F4xx_HAL_Driver/Src/stm32f4xx_hal_dma.o" --specs=nano.specs -mfpu=fpv4-sp-d16 -mfloat-abi=hard -mthumb -o "Drivers/STM32F4xx_HAL_Driver/Src/stm32f4xx_hal_dma.o"
arm-none-eabi-gcc "../Drivers/STM32F4xx_HAL_Driver/Src/stm32f4xx_hal_dma_ex.c" -mcpu=cortex-m4 -std=gnu11 -g3 -DDEBUG -DUSE_HAL_DRIVER -DSTM32F401xE -c -I../Core/Inc -I../Drivers/STM32F4xx_HAL_Driver/Inc -I../Drivers/STM32F4xx_HAL_Driver/Inc/Legacy -I../Drivers/CMSIS/Device/ST/STM32F4xx/Include -I../Drivers/CMSIS/Include -O0 -ffunction-sections -fdata-sections -Wall -fstack-usage -fcyclomatic-complexity -MMD -MP -MF"Drivers/STM32F4xx_HAL_Driver/Src/stm32f4xx_hal_dma_ex.d" -MT"Drivers/STM32F4xx_HAL_Driver/Src/stm32f4xx_hal_dma_ex.o" --specs=nano.specs -mfpu=fpv4-sp-d16 -mfloat-abi=hard -mthumb -o "Drivers/STM32F4xx_HAL_Driver/Src/stm32f4xx_hal_dma_ex.o"
arm-none-eabi-gcc "../Drivers/STM32F4xx_HAL_Driver/Src/stm32f4xx_hal_exti.c" -mcpu=cortex-m4 -std=gnu11 -g3 -DDEBUG -DUSE_HAL_DRIVER -DSTM32F401xE -c -I../Core/Inc -I../Drivers/STM32F4xx_HAL_Driver/Inc -I../Drivers/STM32F4xx_HAL_Driver/Inc/Legacy -I../Drivers/CMSIS/Device/ST/STM32F4xx/Include -I../Drivers/CMSIS/Include -O0 -ffunction-sections -fdata-sections -Wall -fstack-usage -fcyclomatic-complexity -MMD -MP -MF"Drivers/STM32F4xx_HAL_Driver/Src/stm32f4xx_hal_exti.d" -MT"Drivers/STM32F4xx_HAL_Driver/Src/stm32f4xx_hal_exti.o" --specs=nano.specs -mfpu=fpv4-sp-d16 -mfloat-abi=hard -mthumb -o "Drivers/STM32F4xx_HAL_Driver/Src/stm32f4xx_hal_exti.o"
arm-none-eabi-gcc "../Drivers/STM32F4xx_HAL_Driver/Src/stm32f4xx_hal_flash.c" -mcpu=cortex-m4 -std=gnu11 -g3 -DDEBUG -DUSE_HAL_DRIVER -DSTM32F401xE -c -I../Core/Inc -I../Drivers/STM32F4xx_HAL_Driver/Inc -I../Drivers/STM32F4xx_HAL_Driver/Inc/Legacy -I../Drivers/CMSIS/Device/ST/STM32F4xx/Include -I../Drivers/CMSIS/Include -O0 -ffunction-sections -fdata-sections -Wall -fstack-usage -fcyclomatic-complexity -MMD -MP -MF"Drivers/STM32F4xx_HAL_Driver/Src/stm32f4xx_hal_flash.d" -MT"Drivers/STM32F4xx_HAL_Driver/Src/stm32f4xx_hal_flash.o" --specs=nano.specs -mfpu=fpv4-sp-d16 -mfloat-abi=hard -mthumb -o "Drivers/STM32F4xx_HAL_Driver/Src/stm32f4xx_hal_flash.o"
arm-none-eabi-gcc "../Drivers/STM32F4xx_HAL_Driver/Src/stm32f4xx_hal_flash_ex.c" -mcpu=cortex-m4 -std=gnu11 -g3 -DDEBUG -DUSE_HAL_DRIVER -DSTM32F401xE -c -I../Core/Inc -I../Drivers/STM32F4xx_HAL_Driver/Inc -I../Drivers/STM32F4xx_HAL_Driver/Inc/Legacy -I../Drivers/CMSIS/Device/ST/STM32F4xx/Include -I../Drivers/CMSIS/Include -O0 -ffunction-sections -fdata-sections -Wall -fstack-usage -fcyclomatic-complexity -MMD -MP -MF"Drivers/STM32F4xx_HAL_Driver/Src/stm32f4xx_hal_flash_ex.d" -MT"Drivers/STM32F4xx_HAL_Driver/Src/stm32f4xx_hal_flash_ex.o" --specs=nano.specs -mfpu=fpv4-sp-d16 -mfloat-abi=hard -mthumb -o "Drivers/STM32F4xx_HAL_Driver/Src/stm32f4xx_hal_flash_ex.o"
arm-none-eabi-gcc "../Drivers/STM32F4xx_HAL_Driver/Src/stm32f4xx_hal_flash_ramfunc.c" -mcpu=cortex-m4 -std=gnu11 -g3 -DDEBUG -DUSE_HAL_DRIVER -DSTM32F401xE -c -I../Core/Inc -I../Drivers/STM32F4xx_HAL_Driver/Inc -I../Drivers/STM32F4xx_HAL_Driver/Inc/Legacy -I../Drivers/CMSIS/Device/ST/STM32F4xx/Include -I../Drivers/CMSIS/Include -O0 -ffunction-sections -fdata-sections -Wall -fstack-usage -fcyclomatic-complexity -MMD -MP -MF"Drivers/STM32F4xx_HAL_Driver/Src/stm32f4xx_hal_flash_ramfunc.d" -MT"Drivers/STM32F4xx_HAL_Driver/Src/stm32f4xx_hal_flash_ramfunc.o" --specs=nano.specs -mfpu=fpv4-sp-d16 -mfloat-abi=hard -mthumb -o "Drivers/STM32F4xx_HAL_Driver/Src/stm32f4xx_hal_flash_ramfunc.o"
arm-none-eabi-gcc "../Drivers/STM32F4xx_HAL_Driver/Src/stm32f4xx_hal_gpio.c" -mcpu=cortex-m4 -std=gnu11 -g3 -DDEBUG -DUSE_HAL_DRIVER -DSTM32F401xE -c -I../Core/Inc -I../Drivers/STM32F4xx_HAL_Driver/Inc -I../Drivers/STM32F4xx_HAL_Driver/Inc/Legacy -I../Drivers/CMSIS/Device/ST/STM32F4xx/Include -I../Drivers/CMSIS/Include -O0 -ffunction-sections -fdata-sections -Wall -fstack-usage -fcyclomatic-complexity -MMD -MP -MF"Drivers/STM32F4xx_HAL_Driver/Src/stm32f4xx_hal_gpio.d" -MT"Drivers/STM32F4xx_HAL_Driver/Src/stm32f4xx_hal_gpio.o" --specs=nano.specs -mfpu=fpv4-sp-d16 -mfloat-abi=hard -mthumb -o "Drivers/STM32F4xx_HAL_Driver/Src/stm32f4xx_hal_gpio.o"
arm-none-eabi-gcc "../Drivers/STM32F4xx_HAL_Driver/Src/stm32f4xx_hal_i2c.c" -mcpu=cortex-m4 -std=gnu11 -g3 -DDEBUG -DUSE_HAL_DRIVER -DSTM32F401xE -c -I../Core/Inc -I../Drivers/STM32F4xx_HAL_Driver/Inc -I../Drivers/STM32F4xx_HAL_Driver/Inc/Legacy -I../Drivers/CMSIS/Device/ST/STM32F4xx/Include -I../Drivers/CMSIS/Include -O0 -ffunction-sections -fdata-sections -Wall -fstack-usage -fcyclomatic-complexity -MMD -MP -MF"Drivers/STM32F4xx_HAL_Driver/Src/stm32f4xx_hal_i2c.d" -MT"Drivers/STM32F4xx_HAL_Driver/Src/stm32f4xx_hal_i2c.o" --specs=nano.specs -mfpu=fpv4-sp-d16 -mfloat-abi=hard -mthumb -o "Drivers/STM32F4xx_HAL_Driver/Src/stm32f4xx_hal_i2c.o"
arm-none-eabi-gcc "../Drivers/STM32F4xx_HAL_Driver/Src/stm32f4xx_hal_i2c_ex.c" -mcpu=cortex-m4 -std=gnu11 -g3 -DDEBUG -DUSE_HAL_DRIVER -DSTM32F401xE -c -I../Core/Inc -I../Drivers/STM32F4xx_HAL_Driver/Inc -I../Drivers/STM32F4xx_HAL_Driver/Inc/Legacy -I../Drivers/CMSIS/Device/ST/STM32F4xx/Include -I../Drivers/CMSIS/Include -O0 -ffunction-sections -fdata-sections -Wall -fstack-usage -fcyclomatic-complexity -MMD -MP -MF"Drivers/STM32F4xx_HAL_Driver/Src/stm32f4xx_hal_i2c_ex.d" -MT"Drivers/STM32F4xx_HAL_Driver/Src/stm32f4xx_hal_i2c_ex.o" --specs=nano.specs -mfpu=fpv4-sp-d16 -mfloat-abi=hard -mthumb -o "Drivers/STM32F4xx_HAL_Driver/Src/stm32f4xx_hal_i2c_ex.o"
arm-none-eabi-gcc "../Drivers/STM32F4xx_HAL_Driver/Src/stm32f4xx_hal_pwr.c" -mcpu=cortex-m4 -std=gnu11 -g3 -DDEBUG -DUSE_HAL_DRIVER -DSTM32F401xE -c -I../Core/Inc -I../Drivers/STM32F4xx_HAL_Driver/Inc -I../Drivers/STM32F4xx_HAL_Driver/Inc/Legacy -I../Drivers/CMSIS/Device/ST/STM32F4xx/Include -I../Drivers/CMSIS/Include -O0 -ffunction-sections -fdata-sections -Wall -fstack-usage -fcyclomatic-complexity -MMD -MP -MF"Drivers/STM32F4xx_HAL_Driver/Src/stm32f4xx_hal_pwr.d" -MT"Drivers/STM32F4xx_HAL_Driver/Src/stm32f4xx_hal_pwr.o" --specs=nano.specs -mfpu=fpv4-sp-d16 -mfloat-abi=hard -mthumb -o "Drivers/STM32F4xx_HAL_Driver/Src/stm32f4xx_hal_pwr.o"
arm-none-eabi-gcc "../Drivers/STM32F4xx_HAL_Driver/Src/stm32f4xx_hal_pwr_ex.c" -mcpu=cortex-m4 -std=gnu11 -g3 -DDEBUG -DUSE_HAL_DRIVER -DSTM32F401xE -c -I../Core/Inc -I../Drivers/STM32F4xx_HAL_Driver/Inc -I../Drivers/STM32F4xx_HAL_Driver/Inc/Legacy -I../Drivers/CMSIS/Device/ST/STM32F4xx/Include -I../Drivers/CMSIS/Include -O0 -ffunction-sections -fdata-sections -Wall -fstack-usage -fcyclomatic-complexity -MMD -MP -MF"Drivers/STM32F4xx_HAL_Driver/Src/stm32f4xx_hal_pwr_ex.d" -MT"Drivers/STM32F4xx_HAL_Driver/Src/stm32f4xx_hal_pwr_ex.o" --specs=nano.specs -mfpu=fpv4-sp-d16 -mfloat-abi=hard -mthumb -o "Drivers/STM32F4xx_HAL_Driver/Src/stm32f4xx_hal_pwr_ex.o"
arm-none-eabi-gcc "../Drivers/STM32F4xx_HAL_Driver/Src/stm32f4xx_hal_rcc.c" -mcpu=cortex-m4 -std=gnu11 -g3 -DDEBUG -DUSE_HAL_DRIVER -DSTM32F401xE -c -I../Core/Inc -I../Drivers/STM32F4xx_HAL_Driver/Inc -I../Drivers/STM32F4xx_HAL_Driver/Inc/Legacy -I../Drivers/CMSIS/Device/ST/STM32F4xx/Include -I../Drivers/CMSIS/Include -O0 -ffunction-sections -fdata-sections -Wall -fstack-usage -fcyclomatic-complexity -MMD -MP -MF"Drivers/STM32F4xx_HAL_Driver/Src/stm32f4xx_hal_rcc.d" -MT"Drivers/STM32F4xx_HAL_Driver/Src/stm32f4xx_hal_rcc.o" --specs=nano.specs -mfpu=fpv4-sp-d16 -mfloat-abi=hard -mthumb -o "Drivers/STM32F4xx_HAL_Driver/Src/stm32f4xx_hal_rcc.o"
arm-none-eabi-gcc "../Drivers/STM32F4xx_HAL_Driver/Src/stm32f4xx_hal_rcc_ex.c" -mcpu=cortex-m4 -std=gnu11 -g3 -DDEBUG -DUSE_HAL_DRIVER -DSTM32F401xE -c -I../Core/Inc -I../Drivers/STM32F4xx_HAL_Driver/Inc -I../Drivers/STM32F4xx_HAL_Driver/Inc/Legacy -I../Drivers/CMSIS/Device/ST/STM32F4xx/Include -I../Drivers/CMSIS/Include -O0 -ffunction-sections -fdata-sections -Wall -fstack-usage -fcyclomatic-complexity -MMD -MP -MF"Drivers/STM32F4xx_HAL_Driver/Src/stm32f4xx_hal_rcc_ex.d" -MT"Drivers/STM32F4xx_HAL_Driver/Src/stm32f4xx_hal_rcc_ex.o" --specs=nano.specs -mfpu=fpv4-sp-d16 -mfloat-abi=hard -mthumb -o "Drivers/STM32F4xx_HAL_Driver/Src/stm32f4xx_hal_rcc_ex.o"
arm-none-eabi-gcc "../Drivers/STM32F4xx_HAL_Driver/Src/stm32f4xx_hal_tim.c" -mcpu=cortex-m4 -std=gnu11 -g3 -DDEBUG -DUSE_HAL_DRIVER -DSTM32F401xE -c -I../Core/Inc -I../Drivers/STM32F4xx_HAL_Driver/Inc -I../Drivers/STM32F4xx_HAL_Driver/Inc/Legacy -I../Drivers/CMSIS/Device/ST/STM32F4xx/Include -I../Drivers/CMSIS/Include -O0 -ffunction-sections -fdata-sections -Wall -fstack-usage -fcyclomatic-complexity -MMD -MP -MF"Drivers/STM32F4xx_HAL_Driver/Src/stm32f4xx_hal_tim.d" -MT"Drivers/STM32F4xx_HAL_Driver/Src/stm32f4xx_hal_tim.o" --specs=nano.specs -mfpu=fpv4-sp-d16 -mfloat-abi=hard -mthumb -o "Drivers/STM32F4xx_HAL_Driver/Src/stm32f4xx_hal_tim.o"
arm-none-eabi-gcc "../Drivers/STM32F4xx_HAL_Driver/Src/stm32f4xx_hal_tim_ex.c" -mcpu=cortex-m4 -std=gnu11 -g3 -DDEBUG -DUSE_HAL_DRIVER -DSTM32F401xE -c -I../Core/Inc -I../Drivers/STM32F4xx_HAL_Driver/Inc -I../Drivers/STM32F4xx_HAL_Driver/Inc/Legacy -I../Drivers/CMSIS/Device/ST/STM32F4xx/Include -I../Drivers/CMSIS/Include -O0 -ffunction-sections -fdata-sections -Wall -fstack-usage -fcyclomatic-complexity -MMD -MP -MF"Drivers/STM32F4xx_HAL_Driver/Src/stm32f4xx_hal_tim_ex.d" -MT"Drivers/STM32F4xx_HAL_Driver/Src/stm32f4xx_hal_tim_ex.o" --specs=nano.specs -mfpu=fpv4-sp-d16 -mfloat-abi=hard -mthumb -o "Drivers/STM32F4xx_HAL_Driver/Src/stm32f4xx_hal_tim_ex.o"
arm-none-eabi-gcc "../Drivers/STM32F4xx_HAL_Driver/Src/stm32f4xx_hal_uart.c" -mcpu=cortex-m4 -std=gnu11 -g3 -DDEBUG -DUSE_HAL_DRIVER -DSTM32F401xE -c -I../Core/Inc -I../Drivers/STM32F4xx_HAL_Driver/Inc -I../Drivers/STM32F4xx_HAL_Driver/Inc/Legacy -I../Drivers/CMSIS/Device/ST/STM32F4xx/Include -I../Drivers/CMSIS/Include -O0 -ffunction-sections -fdata-sections -Wall -fstack-usage -fcyclomatic-complexity -MMD -MP -MF"Drivers/STM32F4xx_HAL_Driver/Src/stm32f4xx_hal_uart.d" -MT"Drivers/STM32F4xx_HAL_Driver/Src/stm32f4xx_hal_uart.o" --specs=nano.specs -mfpu=fpv4-sp-d16 -mfloat-abi=hard -mthumb -o "Drivers/STM32F4xx_HAL_Driver/Src/stm32f4xx_hal_uart.o"
arm-none-eabi-gcc "../Core/Src/lcd.c" -mcpu=cortex-m4 -std=gnu11 -g3 -DDEBUG -DUSE_HAL_DRIVER -DSTM32F401xE -c -I../Core/Inc -I../Drivers/STM32F4xx_HAL_Driver/Inc -I../Drivers/STM32F4xx_HAL_Driver/Inc/Legacy -I../Drivers/CMSIS/Device/ST/STM32F4xx/Include -I../Drivers/CMSIS/Include -O0 -ffunction-sections -fdata-sections -Wall -fstack-usage -fcyclomatic-complexity -MMD -MP -MF"Core/Src/lcd.d" -MT"Core/Src/lcd.o" --specs=nano.specs -mfpu=fpv4-sp-d16 -mfloat-abi=hard -mthumb -o "Core/Src/lcd.o"
arm-none-eabi-gcc "../Core/Src/main.c" -mcpu=cortex-m4 -std=gnu11 -g3 -DDEBUG -DUSE_HAL_DRIVER -DSTM32F401xE -c -I../Core/Inc -I../Drivers/STM32F4xx_HAL_Driver/Inc -I../Drivers/STM32F4xx_HAL_Driver/Inc/Legacy -I../Drivers/CMSIS/Device/ST/STM32F4xx/Include -I../Drivers/CMSIS/Include -O0 -ffunction-sections -fdata-sections -Wall -fstack-usage -fcyclomatic-complexity -MMD -MP -MF"Core/Src/main.d" -MT"Core/Src/main.o" --specs=nano.specs -mfpu=fpv4-sp-d16 -mfloat-abi=hard -mthumb -o "Core/Src/main.o"
arm-none-eabi-gcc "../Core/Src/stm32f4xx_hal_msp.c" -mcpu=cortex-m4 -std=gnu11 -g3 -DDEBUG -DUSE_HAL_DRIVER -DSTM32F401xE -c -I../Core/Inc -I../Drivers/STM32F4xx_HAL_Driver/Inc -I../Drivers/STM32F4xx_HAL_Driver/Inc/Legacy -I../Drivers/CMSIS/Device/ST/STM32F4xx/Include -I../Drivers/CMSIS/Include -O0 -ffunction-sections -fdata-sections -Wall -fstack-usage -fcyclomatic-complexity -MMD -MP -MF"Core/Src/stm32f4xx_hal_msp.d" -MT"Core/Src/stm32f4xx_hal_msp.o" --specs=nano.specs -mfpu=fpv4-sp-d16 -mfloat-abi=hard -mthumb -o "Core/Src/stm32f4xx_hal_msp.o"
arm-none-eabi-gcc "../Core/Src/stm32f4xx_it.c" -mcpu=cortex-m4 -std=gnu11 -g3 -DDEBUG -DUSE_HAL_DRIVER -DSTM32F401xE -c -I../Core/Inc -I../Drivers/STM32F4xx_HAL_Driver/Inc -I../Drivers/STM32F4xx_HAL_Driver/Inc/Legacy -I../Drivers/CMSIS/Device/ST/STM32F4xx/Include -I../Drivers/CMSIS/Include -O0 -ffunction-sections -fdata-sections -Wall -fstack-usage -fcyclomatic-complexity -MMD -MP -MF"Core/Src/stm32f4xx_it.d" -MT"Core/Src/stm32f4xx_it.o" --specs=nano.specs -mfpu=fpv4-sp-d16 -mfloat-abi=hard -mthumb -o "Core/Src/stm32f4xx_it.o"
../Core/Src/main.c: In function 'uart_print_cd':
../Core/Src/main.c:119:9: warning: implicit declaration of function 'snprintf' [-Wimplicit-function-declaration]
  119 |         snprintf(buffer, sizeof(buffer), "%02d:%02d:%02d\r", pcd->hrs, pcd->min, pcd->sec);
      |         ^~~~~~~~
../Core/Src/main.c:21:1: note: include '<stdio.h>' or provide a declaration of 'snprintf'
   20 | #include "main.h"
  +++ |+#include <stdio.h>
   21 | 
../Core/Src/main.c:119:9: warning: incompatible implicit declaration of built-in function 'snprintf' [-Wbuiltin-declaration-mismatch]
  119 |         snprintf(buffer, sizeof(buffer), "%02d:%02d:%02d\r", pcd->hrs, pcd->min, pcd->sec);
      |         ^~~~~~~~
../Core/Src/main.c:119:9: note: include '<stdio.h>' or provide a declaration of 'snprintf'
../Core/Src/main.c:120:52: warning: implicit declaration of function 'strlen' [-Wimplicit-function-declaration]
  120 |         HAL_UART_Transmit(huart, (uint8_t*)buffer, strlen(buffer), HAL_MAX_DELAY);
      |                                                    ^~~~~~
../Core/Src/main.c:21:1: note: include '<string.h>' or provide a declaration of 'strlen'
   20 | #include "main.h"
  +++ |+#include <string.h>
   21 | 
../Core/Src/main.c:120:52: warning: incompatible implicit declaration of built-in function 'strlen' [-Wbuiltin-declaration-mismatch]
  120 |         HAL_UART_Transmit(huart, (uint8_t*)buffer, strlen(buffer), HAL_MAX_DELAY);
      |                                                    ^~~~~~
../Core/Src/main.c:120:52: note: include '<string.h>' or provide a declaration of 'strlen'
../Core/Src/main.c: In function 'main':
../Core/Src/main.c:137:17: error: 'my_clock' undeclared (first use in this function)
  137 |         cd_set(&my_clock, 23, 59,45);
      |                 ^~~~~~~~
../Core/Src/main.c:137:17: note: each undeclared identifier is reported only once for each function it appears in
../Core/Src/main.c:178:33: warning: passing argument 1 of 'uart_print_cd' from incompatible pointer type [-Wincompatible-pointer-types]
  178 |                   uart_print_cd(&htim2,&my_clock);
      |                                 ^~~~~~
      |                                 |
      |                                 TIM_HandleTypeDef *
../Core/Src/main.c:115:40: note: expected 'UART_HandleTypeDef *' {aka 'struct __UART_HandleTypeDef *'} but argument is of type 'TIM_HandleTypeDef *'
  115 | void uart_print_cd(UART_HandleTypeDef *huart, struct clock_data *pcd)
      |                    ~~~~~~~~~~~~~~~~~~~~^~~~~
make: *** [Core/Src/subdir.mk:37: Core/Src/main.o] Error 1
make: *** Waiting for unfinished jobs....
"make -j8 all" terminated with exit code 2. Build might be incomplete.
14:04:18 **** Incremental Build of configuration Debug for project Lab0_blinky_ff ****
make -j8 all 
arm-none-eabi-size  Lab0_blinky_ff.elf 
   text	   data	    bss	    dec	    hex	filename
  11132	     92	   1972	  13196	   338c	Lab0_blinky_ff.elf
Finished building: default.size.stdout
 
14:04:19 **** Incremental Build of configuration Debug for project Lab1_Tarning ****
make -j8 all 
arm-none-eabi-gcc -o "Lab1_Tarning.elf" @"objects.list"   -mcpu=cortex-m4 -T"/home/deividas/School/Prog/MKLabbar/MikrodatorteknikTMIK13/Lab1_Tarning/STM32F401RETX_FLASH.ld" --specs=nosys.specs -Wl,-Map="Lab1_Tarning.map" -Wl,--gc-sections -static --specs=nano.specs -mfpu=fpv4-sp-d16 -mfloat-abi=hard -mthumb -Wl,--start-group -lc -lm -Wl,--end-group
/home/deividas/Programs/STM32CubeIDE/plugins/com.st.stm32cube.ide.mcu.externaltools.gnu-tools-for-stm32.12.3.rel1.linux64_1.0.200.202406132123/tools/bin/../lib/gcc/arm-none-eabi/12.3.1/../../../../arm-none-eabi/bin/ld: ./Core/Src/main.o: in function `main':
/home/deividas/School/Prog/MKLabbar/MikrodatorteknikTMIK13/Lab1_Tarning/Debug/../Core/Src/main.c:152: undefined reference to `put_die_dots'
collect2: error: ld returned 1 exit status
make: *** [makefile:64: Lab1_Tarning.elf] Error 1
"make -j8 all" terminated with exit code 2. Build might be incomplete.
14:04:19 **** Incremental Build of configuration Debug for project Lab2_trafikljus ****
make -j8 all 
arm-none-eabi-size  Lab2_trafikljus.elf 
   text	   data	    bss	    dec	    hex	filename
   8644	     12	   1644	  10300	   283c	Lab2_trafikljus.elf
Finished building: default.size.stdout
 
14:04:19 **** Incremental Build of configuration Debug for project Lab3_klocka_och_knapp ****
make -j8 all 
arm-none-eabi-size  Lab3_klocka_och_knapp.elf 
   text	   data	    bss	    dec	    hex	filename
  18496	    120	   2064	  20680	   50c8	Lab3_klocka_och_knapp.elf
Finished building: default.size.stdout
 
14:04:19 **** Incremental Build of configuration Debug for project Lab4_LCD ****
make -j8 all 
arm-none-eabi-gcc "../Core/Src/main.c" -mcpu=cortex-m4 -std=gnu11 -g3 -DDEBUG -DUSE_HAL_DRIVER -DSTM32F401xE -c -I../Core/Inc -I../Drivers/STM32F4xx_HAL_Driver/Inc -I../Drivers/STM32F4xx_HAL_Driver/Inc/Legacy -I../Drivers/CMSIS/Device/ST/STM32F4xx/Include -I../Drivers/CMSIS/Include -O0 -ffunction-sections -fdata-sections -Wall -fstack-usage -fcyclomatic-complexity -MMD -MP -MF"Core/Src/main.d" -MT"Core/Src/main.o" --specs=nano.specs -mfpu=fpv4-sp-d16 -mfloat-abi=hard -mthumb -o "Core/Src/main.o"
arm-none-eabi-gcc "../Core/Src/syscalls.c" -mcpu=cortex-m4 -std=gnu11 -g3 -DDEBUG -DUSE_HAL_DRIVER -DSTM32F401xE -c -I../Core/Inc -I../Drivers/STM32F4xx_HAL_Driver/Inc -I../Drivers/STM32F4xx_HAL_Driver/Inc/Legacy -I../Drivers/CMSIS/Device/ST/STM32F4xx/Include -I../Drivers/CMSIS/Include -O0 -ffunction-sections -fdata-sections -Wall -fstack-usage -fcyclomatic-complexity -MMD -MP -MF"Core/Src/syscalls.d" -MT"Core/Src/syscalls.o" --specs=nano.specs -mfpu=fpv4-sp-d16 -mfloat-abi=hard -mthumb -o "Core/Src/syscalls.o"
arm-none-eabi-gcc "../Core/Src/sysmem.c" -mcpu=cortex-m4 -std=gnu11 -g3 -DDEBUG -DUSE_HAL_DRIVER -DSTM32F401xE -c -I../Core/Inc -I../Drivers/STM32F4xx_HAL_Driver/Inc -I../Drivers/STM32F4xx_HAL_Driver/Inc/Legacy -I../Drivers/CMSIS/Device/ST/STM32F4xx/Include -I../Drivers/CMSIS/Include -O0 -ffunction-sections -fdata-sections -Wall -fstack-usage -fcyclomatic-complexity -MMD -MP -MF"Core/Src/sysmem.d" -MT"Core/Src/sysmem.o" --specs=nano.specs -mfpu=fpv4-sp-d16 -mfloat-abi=hard -mthumb -o "Core/Src/sysmem.o"
arm-none-eabi-gcc "../Core/Src/system_stm32f4xx.c" -mcpu=cortex-m4 -std=gnu11 -g3 -DDEBUG -DUSE_HAL_DRIVER -DSTM32F401xE -c -I../Core/Inc -I../Drivers/STM32F4xx_HAL_Driver/Inc -I../Drivers/STM32F4xx_HAL_Driver/Inc/Legacy -I../Drivers/CMSIS/Device/ST/STM32F4xx/Include -I../Drivers/CMSIS/Include -O0 -ffunction-sections -fdata-sections -Wall -fstack-usage -fcyclomatic-complexity -MMD -MP -MF"Core/Src/system_stm32f4xx.d" -MT"Core/Src/system_stm32f4xx.o" --specs=nano.specs -mfpu=fpv4-sp-d16 -mfloat-abi=hard -mthumb -o "Core/Src/system_stm32f4xx.o"
../Core/Src/main.c: In function 'uart_print_cd':
../Core/Src/main.c:120:9: warning: implicit declaration of function 'snprintf' [-Wimplicit-function-declaration]
  120 |         snprintf(buffer, sizeof(buffer), "%02d:%02d:%02d\r", pcd->hrs, pcd->min, pcd->sec);
      |         ^~~~~~~~
../Core/Src/main.c:21:1: note: include '<stdio.h>' or provide a declaration of 'snprintf'
   20 | #include "main.h"
  +++ |+#include <stdio.h>
   21 | 
../Core/Src/main.c:120:9: warning: incompatible implicit declaration of built-in function 'snprintf' [-Wbuiltin-declaration-mismatch]
  120 |         snprintf(buffer, sizeof(buffer), "%02d:%02d:%02d\r", pcd->hrs, pcd->min, pcd->sec);
      |         ^~~~~~~~
../Core/Src/main.c:120:9: note: include '<stdio.h>' or provide a declaration of 'snprintf'
../Core/Src/main.c:121:52: warning: implicit declaration of function 'strlen' [-Wimplicit-function-declaration]
  121 |         HAL_UART_Transmit(huart, (uint8_t*)buffer, strlen(buffer), HAL_MAX_DELAY);
      |                                                    ^~~~~~
../Core/Src/main.c:21:1: note: include '<string.h>' or provide a declaration of 'strlen'
   20 | #include "main.h"
  +++ |+#include <string.h>
   21 | 
../Core/Src/main.c:121:52: warning: incompatible implicit declaration of built-in function 'strlen' [-Wbuiltin-declaration-mismatch]
  121 |         HAL_UART_Transmit(huart, (uint8_t*)buffer, strlen(buffer), HAL_MAX_DELAY);
      |                                                    ^~~~~~
../Core/Src/main.c:121:52: note: include '<string.h>' or provide a declaration of 'strlen'
arm-none-eabi-gcc -o "Lab4_LCD.elf" @"objects.list"   -mcpu=cortex-m4 -T"/home/deividas/School/Prog/MKLabbar/MikrodatorteknikTMIK13/Lab4_LCD/STM32F401RETX_FLASH.ld" --specs=nosys.specs -Wl,-Map="Lab4_LCD.map" -Wl,--gc-sections -static --specs=nano.specs -mfpu=fpv4-sp-d16 -mfloat-abi=hard -mthumb -Wl,--start-group -lc -lm -Wl,--end-group
Finished building target: Lab4_LCD.elf
 
arm-none-eabi-size  Lab4_LCD.elf 
arm-none-eabi-objdump -h -S Lab4_LCD.elf  > "Lab4_LCD.list"
   text	   data	    bss	    dec	    hex	filename
  14744	     92	   2140	  16976	   4250	Lab4_LCD.elf
Finished building: default.size.stdout
 
Finished building: Lab4_LCD.list
 
14:04:29 **** Incremental Build of configuration Debug for project Lab4_LCD ****
make -j8 all 
arm-none-eabi-size  Lab4_LCD.elf 
   text	   data	    bss	    dec	    hex	filename
  14744	     92	   2140	  16976	   4250	Lab4_LCD.elf
Finished building: default.size.stdout
 
14:05:39 **** Incremental Build of configuration Debug for project Lab0_blinky_ff ****
make -j8 all 
arm-none-eabi-size  Lab0_blinky_ff.elf 
   text	   data	    bss	    dec	    hex	filename
  11132	     92	   1972	  13196	   338c	Lab0_blinky_ff.elf
Finished building: default.size.stdout
 
14:05:40 **** Incremental Build of configuration Debug for project Lab1_Tarning ****
make -j8 all 
arm-none-eabi-gcc -o "Lab1_Tarning.elf" @"objects.list"   -mcpu=cortex-m4 -T"/home/deividas/School/Prog/MKLabbar/MikrodatorteknikTMIK13/Lab1_Tarning/STM32F401RETX_FLASH.ld" --specs=nosys.specs -Wl,-Map="Lab1_Tarning.map" -Wl,--gc-sections -static --specs=nano.specs -mfpu=fpv4-sp-d16 -mfloat-abi=hard -mthumb -Wl,--start-group -lc -lm -Wl,--end-group
/home/deividas/Programs/STM32CubeIDE/plugins/com.st.stm32cube.ide.mcu.externaltools.gnu-tools-for-stm32.12.3.rel1.linux64_1.0.200.202406132123/tools/bin/../lib/gcc/arm-none-eabi/12.3.1/../../../../arm-none-eabi/bin/ld: ./Core/Src/main.o: in function `main':
/home/deividas/School/Prog/MKLabbar/MikrodatorteknikTMIK13/Lab1_Tarning/Debug/../Core/Src/main.c:152: undefined reference to `put_die_dots'
collect2: error: ld returned 1 exit status
make: *** [makefile:64: Lab1_Tarning.elf] Error 1
"make -j8 all" terminated with exit code 2. Build might be incomplete.
14:05:40 **** Incremental Build of configuration Debug for project Lab2_trafikljus ****
make -j8 all 
arm-none-eabi-size  Lab2_trafikljus.elf 
   text	   data	    bss	    dec	    hex	filename
   8644	     12	   1644	  10300	   283c	Lab2_trafikljus.elf
Finished building: default.size.stdout
 
14:05:40 **** Incremental Build of configuration Debug for project Lab3_klocka_och_knapp ****
make -j8 all 
arm-none-eabi-size  Lab3_klocka_och_knapp.elf 
   text	   data	    bss	    dec	    hex	filename
  18496	    120	   2064	  20680	   50c8	Lab3_klocka_och_knapp.elf
Finished building: default.size.stdout
 
14:05:40 **** Incremental Build of configuration Debug for project Lab4_LCD ****
make -j8 all 
arm-none-eabi-gcc "../Core/Src/main.c" -mcpu=cortex-m4 -std=gnu11 -g3 -DDEBUG -DUSE_HAL_DRIVER -DSTM32F401xE -c -I../Core/Inc -I../Drivers/STM32F4xx_HAL_Driver/Inc -I../Drivers/STM32F4xx_HAL_Driver/Inc/Legacy -I../Drivers/CMSIS/Device/ST/STM32F4xx/Include -I../Drivers/CMSIS/Include -O0 -ffunction-sections -fdata-sections -Wall -fstack-usage -fcyclomatic-complexity -MMD -MP -MF"Core/Src/main.d" -MT"Core/Src/main.o" --specs=nano.specs -mfpu=fpv4-sp-d16 -mfloat-abi=hard -mthumb -o "Core/Src/main.o"
../Core/Src/main.c: In function 'uart_print_cd':
../Core/Src/main.c:120:9: warning: implicit declaration of function 'snprintf' [-Wimplicit-function-declaration]
  120 |         snprintf(buffer, sizeof(buffer), "%02d:%02d:%02d\r", pcd->hrs, pcd->min, pcd->sec);
      |         ^~~~~~~~
../Core/Src/main.c:21:1: note: include '<stdio.h>' or provide a declaration of 'snprintf'
   20 | #include "main.h"
  +++ |+#include <stdio.h>
   21 | 
../Core/Src/main.c:120:9: warning: incompatible implicit declaration of built-in function 'snprintf' [-Wbuiltin-declaration-mismatch]
  120 |         snprintf(buffer, sizeof(buffer), "%02d:%02d:%02d\r", pcd->hrs, pcd->min, pcd->sec);
      |         ^~~~~~~~
../Core/Src/main.c:120:9: note: include '<stdio.h>' or provide a declaration of 'snprintf'
../Core/Src/main.c:121:52: warning: implicit declaration of function 'strlen' [-Wimplicit-function-declaration]
  121 |         HAL_UART_Transmit(huart, (uint8_t*)buffer, strlen(buffer), HAL_MAX_DELAY);
      |                                                    ^~~~~~
../Core/Src/main.c:21:1: note: include '<string.h>' or provide a declaration of 'strlen'
   20 | #include "main.h"
  +++ |+#include <string.h>
   21 | 
../Core/Src/main.c:121:52: warning: incompatible implicit declaration of built-in function 'strlen' [-Wbuiltin-declaration-mismatch]
  121 |         HAL_UART_Transmit(huart, (uint8_t*)buffer, strlen(buffer), HAL_MAX_DELAY);
      |                                                    ^~~~~~
../Core/Src/main.c:121:52: note: include '<string.h>' or provide a declaration of 'strlen'
../Core/Src/main.c: In function 'main':
../Core/Src/main.c:140:9: warning: implicit declaration of function 'TextLCD_Init' [-Wimplicit-function-declaration]
  140 |         TextLCD_Init();
      |         ^~~~~~~~~~~~
arm-none-eabi-gcc -o "Lab4_LCD.elf" @"objects.list"   -mcpu=cortex-m4 -T"/home/deividas/School/Prog/MKLabbar/MikrodatorteknikTMIK13/Lab4_LCD/STM32F401RETX_FLASH.ld" --specs=nosys.specs -Wl,-Map="Lab4_LCD.map" -Wl,--gc-sections -static --specs=nano.specs -mfpu=fpv4-sp-d16 -mfloat-abi=hard -mthumb -Wl,--start-group -lc -lm -Wl,--end-group
Finished building target: Lab4_LCD.elf
 
arm-none-eabi-size  Lab4_LCD.elf 
arm-none-eabi-objdump -h -S Lab4_LCD.elf  > "Lab4_LCD.list"
   text	   data	    bss	    dec	    hex	filename
  16968	     96	   2144	  19208	   4b08	Lab4_LCD.elf
Finished building: default.size.stdout
 
Finished building: Lab4_LCD.list
 
14:05:44 **** Incremental Build of configuration Debug for project Lab4_LCD ****
make -j8 all 
arm-none-eabi-size  Lab4_LCD.elf 
   text	   data	    bss	    dec	    hex	filename
  16968	     96	   2144	  19208	   4b08	Lab4_LCD.elf
Finished building: default.size.stdout
 
14:25:42 **** Incremental Build of configuration Debug for project Lab4_LCD ****
make -j8 all 
arm-none-eabi-gcc "../Core/Src/main.c" -mcpu=cortex-m4 -std=gnu11 -g3 -DDEBUG -DUSE_HAL_DRIVER -DSTM32F401xE -c -I../Core/Inc -I../Drivers/STM32F4xx_HAL_Driver/Inc -I../Drivers/STM32F4xx_HAL_Driver/Inc/Legacy -I../Drivers/CMSIS/Device/ST/STM32F4xx/Include -I../Drivers/CMSIS/Include -O0 -ffunction-sections -fdata-sections -Wall -fstack-usage -fcyclomatic-complexity -MMD -MP -MF"Core/Src/main.d" -MT"Core/Src/main.o" --specs=nano.specs -mfpu=fpv4-sp-d16 -mfloat-abi=hard -mthumb -o "Core/Src/main.o"
../Core/Src/main.c: In function 'uart_print_cd':
../Core/Src/main.c:120:9: warning: implicit declaration of function 'snprintf' [-Wimplicit-function-declaration]
  120 |         snprintf(buffer, sizeof(buffer), "%02d:%02d:%02d\r", pcd->hrs, pcd->min, pcd->sec);
      |         ^~~~~~~~
../Core/Src/main.c:21:1: note: include '<stdio.h>' or provide a declaration of 'snprintf'
   20 | #include "main.h"
  +++ |+#include <stdio.h>
   21 | 
../Core/Src/main.c:120:9: warning: incompatible implicit declaration of built-in function 'snprintf' [-Wbuiltin-declaration-mismatch]
  120 |         snprintf(buffer, sizeof(buffer), "%02d:%02d:%02d\r", pcd->hrs, pcd->min, pcd->sec);
      |         ^~~~~~~~
../Core/Src/main.c:120:9: note: include '<stdio.h>' or provide a declaration of 'snprintf'
../Core/Src/main.c:121:52: warning: implicit declaration of function 'strlen' [-Wimplicit-function-declaration]
  121 |         HAL_UART_Transmit(huart, (uint8_t*)buffer, strlen(buffer), HAL_MAX_DELAY);
      |                                                    ^~~~~~
../Core/Src/main.c:21:1: note: include '<string.h>' or provide a declaration of 'strlen'
   20 | #include "main.h"
  +++ |+#include <string.h>
   21 | 
../Core/Src/main.c:121:52: warning: incompatible implicit declaration of built-in function 'strlen' [-Wbuiltin-declaration-mismatch]
  121 |         HAL_UART_Transmit(huart, (uint8_t*)buffer, strlen(buffer), HAL_MAX_DELAY);
      |                                                    ^~~~~~
../Core/Src/main.c:121:52: note: include '<string.h>' or provide a declaration of 'strlen'
../Core/Src/main.c: In function 'main':
../Core/Src/main.c:151:9: warning: implicit declaration of function 'TextLCD_Init' [-Wimplicit-function-declaration]
  151 |         TextLCD_Init();
      |         ^~~~~~~~~~~~
arm-none-eabi-gcc -o "Lab4_LCD.elf" @"objects.list"   -mcpu=cortex-m4 -T"/home/deividas/School/Prog/MKLabbar/MikrodatorteknikTMIK13/Lab4_LCD/STM32F401RETX_FLASH.ld" --specs=nosys.specs -Wl,-Map="Lab4_LCD.map" -Wl,--gc-sections -static --specs=nano.specs -mfpu=fpv4-sp-d16 -mfloat-abi=hard -mthumb -Wl,--start-group -lc -lm -Wl,--end-group
Finished building target: Lab4_LCD.elf
 
arm-none-eabi-size  Lab4_LCD.elf 
arm-none-eabi-objdump -h -S Lab4_LCD.elf  > "Lab4_LCD.list"
   text	   data	    bss	    dec	    hex	filename
  16992	     96	   2144	  19232	   4b20	Lab4_LCD.elf
Finished building: default.size.stdout
 
Finished building: Lab4_LCD.list
 
14:25:53 **** Incremental Build of configuration Debug for project Lab4_LCD ****
make -j8 all 
arm-none-eabi-gcc "../Core/Src/main.c" -mcpu=cortex-m4 -std=gnu11 -g3 -DDEBUG -DUSE_HAL_DRIVER -DSTM32F401xE -c -I../Core/Inc -I../Drivers/STM32F4xx_HAL_Driver/Inc -I../Drivers/STM32F4xx_HAL_Driver/Inc/Legacy -I../Drivers/CMSIS/Device/ST/STM32F4xx/Include -I../Drivers/CMSIS/Include -O0 -ffunction-sections -fdata-sections -Wall -fstack-usage -fcyclomatic-complexity -MMD -MP -MF"Core/Src/main.d" -MT"Core/Src/main.o" --specs=nano.specs -mfpu=fpv4-sp-d16 -mfloat-abi=hard -mthumb -o "Core/Src/main.o"
../Core/Src/main.c: In function 'uart_print_cd':
../Core/Src/main.c:120:9: warning: implicit declaration of function 'snprintf' [-Wimplicit-function-declaration]
  120 |         snprintf(buffer, sizeof(buffer), "%02d:%02d:%02d\r", pcd->hrs, pcd->min, pcd->sec);
      |         ^~~~~~~~
../Core/Src/main.c:21:1: note: include '<stdio.h>' or provide a declaration of 'snprintf'
   20 | #include "main.h"
  +++ |+#include <stdio.h>
   21 | 
../Core/Src/main.c:120:9: warning: incompatible implicit declaration of built-in function 'snprintf' [-Wbuiltin-declaration-mismatch]
  120 |         snprintf(buffer, sizeof(buffer), "%02d:%02d:%02d\r", pcd->hrs, pcd->min, pcd->sec);
      |         ^~~~~~~~
../Core/Src/main.c:120:9: note: include '<stdio.h>' or provide a declaration of 'snprintf'
../Core/Src/main.c:121:52: warning: implicit declaration of function 'strlen' [-Wimplicit-function-declaration]
  121 |         HAL_UART_Transmit(huart, (uint8_t*)buffer, strlen(buffer), HAL_MAX_DELAY);
      |                                                    ^~~~~~
../Core/Src/main.c:21:1: note: include '<string.h>' or provide a declaration of 'strlen'
   20 | #include "main.h"
  +++ |+#include <string.h>
   21 | 
../Core/Src/main.c:121:52: warning: incompatible implicit declaration of built-in function 'strlen' [-Wbuiltin-declaration-mismatch]
  121 |         HAL_UART_Transmit(huart, (uint8_t*)buffer, strlen(buffer), HAL_MAX_DELAY);
      |                                                    ^~~~~~
../Core/Src/main.c:121:52: note: include '<string.h>' or provide a declaration of 'strlen'
../Core/Src/main.c: In function 'main':
../Core/Src/main.c:151:9: warning: implicit declaration of function 'TextLCD_Init' [-Wimplicit-function-declaration]
  151 |         TextLCD_Init();
      |         ^~~~~~~~~~~~
arm-none-eabi-gcc -o "Lab4_LCD.elf" @"objects.list"   -mcpu=cortex-m4 -T"/home/deividas/School/Prog/MKLabbar/MikrodatorteknikTMIK13/Lab4_LCD/STM32F401RETX_FLASH.ld" --specs=nosys.specs -Wl,-Map="Lab4_LCD.map" -Wl,--gc-sections -static --specs=nano.specs -mfpu=fpv4-sp-d16 -mfloat-abi=hard -mthumb -Wl,--start-group -lc -lm -Wl,--end-group
Finished building target: Lab4_LCD.elf
 
arm-none-eabi-size  Lab4_LCD.elf 
arm-none-eabi-objdump -h -S Lab4_LCD.elf  > "Lab4_LCD.list"
   text	   data	    bss	    dec	    hex	filename
  16996	     96	   2144	  19236	   4b24	Lab4_LCD.elf
Finished building: default.size.stdout
 
Finished building: Lab4_LCD.list
 
14:28:04 **** Incremental Build of configuration Debug for project Lab4_LCD ****
make -j8 all 
arm-none-eabi-gcc "../Core/Src/main.c" -mcpu=cortex-m4 -std=gnu11 -g3 -DDEBUG -DUSE_HAL_DRIVER -DSTM32F401xE -c -I../Core/Inc -I../Drivers/STM32F4xx_HAL_Driver/Inc -I../Drivers/STM32F4xx_HAL_Driver/Inc/Legacy -I../Drivers/CMSIS/Device/ST/STM32F4xx/Include -I../Drivers/CMSIS/Include -O0 -ffunction-sections -fdata-sections -Wall -fstack-usage -fcyclomatic-complexity -MMD -MP -MF"Core/Src/main.d" -MT"Core/Src/main.o" --specs=nano.specs -mfpu=fpv4-sp-d16 -mfloat-abi=hard -mthumb -o "Core/Src/main.o"
../Core/Src/main.c: In function 'uart_print_cd':
../Core/Src/main.c:120:9: warning: implicit declaration of function 'snprintf' [-Wimplicit-function-declaration]
  120 |         snprintf(buffer, sizeof(buffer), "%02d:%02d:%02d\r", pcd->hrs, pcd->min, pcd->sec);
      |         ^~~~~~~~
../Core/Src/main.c:21:1: note: include '<stdio.h>' or provide a declaration of 'snprintf'
   20 | #include "main.h"
  +++ |+#include <stdio.h>
   21 | 
../Core/Src/main.c:120:9: warning: incompatible implicit declaration of built-in function 'snprintf' [-Wbuiltin-declaration-mismatch]
  120 |         snprintf(buffer, sizeof(buffer), "%02d:%02d:%02d\r", pcd->hrs, pcd->min, pcd->sec);
      |         ^~~~~~~~
../Core/Src/main.c:120:9: note: include '<stdio.h>' or provide a declaration of 'snprintf'
../Core/Src/main.c:121:52: warning: implicit declaration of function 'strlen' [-Wimplicit-function-declaration]
  121 |         HAL_UART_Transmit(huart, (uint8_t*)buffer, strlen(buffer), HAL_MAX_DELAY);
      |                                                    ^~~~~~
../Core/Src/main.c:21:1: note: include '<string.h>' or provide a declaration of 'strlen'
   20 | #include "main.h"
  +++ |+#include <string.h>
   21 | 
../Core/Src/main.c:121:52: warning: incompatible implicit declaration of built-in function 'strlen' [-Wbuiltin-declaration-mismatch]
  121 |         HAL_UART_Transmit(huart, (uint8_t*)buffer, strlen(buffer), HAL_MAX_DELAY);
      |                                                    ^~~~~~
../Core/Src/main.c:121:52: note: include '<string.h>' or provide a declaration of 'strlen'
arm-none-eabi-gcc -o "Lab4_LCD.elf" @"objects.list"   -mcpu=cortex-m4 -T"/home/deividas/School/Prog/MKLabbar/MikrodatorteknikTMIK13/Lab4_LCD/STM32F401RETX_FLASH.ld" --specs=nosys.specs -Wl,-Map="Lab4_LCD.map" -Wl,--gc-sections -static --specs=nano.specs -mfpu=fpv4-sp-d16 -mfloat-abi=hard -mthumb -Wl,--start-group -lc -lm -Wl,--end-group
Finished building target: Lab4_LCD.elf
 
arm-none-eabi-size  Lab4_LCD.elf 
arm-none-eabi-objdump -h -S Lab4_LCD.elf  > "Lab4_LCD.list"
   text	   data	    bss	    dec	    hex	filename
  14988	     92	   2140	  17220	   4344	Lab4_LCD.elf
Finished building: default.size.stdout
 
Finished building: Lab4_LCD.list
 
14:30:07 **** Incremental Build of configuration Debug for project Lab0_blinky_ff ****
make -j8 all 
arm-none-eabi-size  Lab0_blinky_ff.elf 
   text	   data	    bss	    dec	    hex	filename
  11132	     92	   1972	  13196	   338c	Lab0_blinky_ff.elf
Finished building: default.size.stdout
 
14:30:08 **** Incremental Build of configuration Debug for project Lab1_Tarning ****
make -j8 all 
arm-none-eabi-gcc -o "Lab1_Tarning.elf" @"objects.list"   -mcpu=cortex-m4 -T"/home/deividas/School/Prog/MKLabbar/MikrodatorteknikTMIK13/Lab1_Tarning/STM32F401RETX_FLASH.ld" --specs=nosys.specs -Wl,-Map="Lab1_Tarning.map" -Wl,--gc-sections -static --specs=nano.specs -mfpu=fpv4-sp-d16 -mfloat-abi=hard -mthumb -Wl,--start-group -lc -lm -Wl,--end-group
/home/deividas/Programs/STM32CubeIDE/plugins/com.st.stm32cube.ide.mcu.externaltools.gnu-tools-for-stm32.12.3.rel1.linux64_1.0.200.202406132123/tools/bin/../lib/gcc/arm-none-eabi/12.3.1/../../../../arm-none-eabi/bin/ld: ./Core/Src/main.o: in function `main':
/home/deividas/School/Prog/MKLabbar/MikrodatorteknikTMIK13/Lab1_Tarning/Debug/../Core/Src/main.c:152: undefined reference to `put_die_dots'
collect2: error: ld returned 1 exit status
make: *** [makefile:64: Lab1_Tarning.elf] Error 1
"make -j8 all" terminated with exit code 2. Build might be incomplete.
14:30:08 **** Incremental Build of configuration Debug for project Lab2_trafikljus ****
make -j8 all 
arm-none-eabi-size  Lab2_trafikljus.elf 
   text	   data	    bss	    dec	    hex	filename
   8644	     12	   1644	  10300	   283c	Lab2_trafikljus.elf
Finished building: default.size.stdout
 
14:30:08 **** Incremental Build of configuration Debug for project Lab3_klocka_och_knapp ****
make -j8 all 
arm-none-eabi-size  Lab3_klocka_och_knapp.elf 
   text	   data	    bss	    dec	    hex	filename
  18496	    120	   2064	  20680	   50c8	Lab3_klocka_och_knapp.elf
Finished building: default.size.stdout
 
14:30:08 **** Incremental Build of configuration Debug for project Lab4_LCD ****
make -j8 all 
arm-none-eabi-gcc "../Core/Src/main.c" -mcpu=cortex-m4 -std=gnu11 -g3 -DDEBUG -DUSE_HAL_DRIVER -DSTM32F401xE -c -I../Core/Inc -I../Drivers/STM32F4xx_HAL_Driver/Inc -I../Drivers/STM32F4xx_HAL_Driver/Inc/Legacy -I../Drivers/CMSIS/Device/ST/STM32F4xx/Include -I../Drivers/CMSIS/Include -O0 -ffunction-sections -fdata-sections -Wall -fstack-usage -fcyclomatic-complexity -MMD -MP -MF"Core/Src/main.d" -MT"Core/Src/main.o" --specs=nano.specs -mfpu=fpv4-sp-d16 -mfloat-abi=hard -mthumb -o "Core/Src/main.o"
../Core/Src/main.c: In function 'uart_print_cd':
../Core/Src/main.c:120:9: warning: implicit declaration of function 'snprintf' [-Wimplicit-function-declaration]
  120 |         snprintf(buffer, sizeof(buffer), "%02d:%02d:%02d\r", pcd->hrs, pcd->min, pcd->sec);
      |         ^~~~~~~~
../Core/Src/main.c:21:1: note: include '<stdio.h>' or provide a declaration of 'snprintf'
   20 | #include "main.h"
  +++ |+#include <stdio.h>
   21 | 
../Core/Src/main.c:120:9: warning: incompatible implicit declaration of built-in function 'snprintf' [-Wbuiltin-declaration-mismatch]
  120 |         snprintf(buffer, sizeof(buffer), "%02d:%02d:%02d\r", pcd->hrs, pcd->min, pcd->sec);
      |         ^~~~~~~~
../Core/Src/main.c:120:9: note: include '<stdio.h>' or provide a declaration of 'snprintf'
../Core/Src/main.c:121:52: warning: implicit declaration of function 'strlen' [-Wimplicit-function-declaration]
  121 |         HAL_UART_Transmit(huart, (uint8_t*)buffer, strlen(buffer), HAL_MAX_DELAY);
      |                                                    ^~~~~~
../Core/Src/main.c:21:1: note: include '<string.h>' or provide a declaration of 'strlen'
   20 | #include "main.h"
  +++ |+#include <string.h>
   21 | 
../Core/Src/main.c:121:52: warning: incompatible implicit declaration of built-in function 'strlen' [-Wbuiltin-declaration-mismatch]
  121 |         HAL_UART_Transmit(huart, (uint8_t*)buffer, strlen(buffer), HAL_MAX_DELAY);
      |                                                    ^~~~~~
../Core/Src/main.c:121:52: note: include '<string.h>' or provide a declaration of 'strlen'
arm-none-eabi-gcc -o "Lab4_LCD.elf" @"objects.list"   -mcpu=cortex-m4 -T"/home/deividas/School/Prog/MKLabbar/MikrodatorteknikTMIK13/Lab4_LCD/STM32F401RETX_FLASH.ld" --specs=nosys.specs -Wl,-Map="Lab4_LCD.map" -Wl,--gc-sections -static --specs=nano.specs -mfpu=fpv4-sp-d16 -mfloat-abi=hard -mthumb -Wl,--start-group -lc -lm -Wl,--end-group
Finished building target: Lab4_LCD.elf
 
arm-none-eabi-size  Lab4_LCD.elf 
arm-none-eabi-objdump -h -S Lab4_LCD.elf  > "Lab4_LCD.list"
   text	   data	    bss	    dec	    hex	filename
  14988	     92	   2140	  17220	   4344	Lab4_LCD.elf
Finished building: default.size.stdout
 
Finished building: Lab4_LCD.list
 
14:30:25 **** Incremental Build of configuration Debug for project Lab0_blinky_ff ****
make -j8 all 
arm-none-eabi-size  Lab0_blinky_ff.elf 
   text	   data	    bss	    dec	    hex	filename
  11132	     92	   1972	  13196	   338c	Lab0_blinky_ff.elf
Finished building: default.size.stdout
 
14:30:26 **** Incremental Build of configuration Debug for project Lab1_Tarning ****
make -j8 all 
arm-none-eabi-gcc -o "Lab1_Tarning.elf" @"objects.list"   -mcpu=cortex-m4 -T"/home/deividas/School/Prog/MKLabbar/MikrodatorteknikTMIK13/Lab1_Tarning/STM32F401RETX_FLASH.ld" --specs=nosys.specs -Wl,-Map="Lab1_Tarning.map" -Wl,--gc-sections -static --specs=nano.specs -mfpu=fpv4-sp-d16 -mfloat-abi=hard -mthumb -Wl,--start-group -lc -lm -Wl,--end-group
/home/deividas/Programs/STM32CubeIDE/plugins/com.st.stm32cube.ide.mcu.externaltools.gnu-tools-for-stm32.12.3.rel1.linux64_1.0.200.202406132123/tools/bin/../lib/gcc/arm-none-eabi/12.3.1/../../../../arm-none-eabi/bin/ld: ./Core/Src/main.o: in function `main':
/home/deividas/School/Prog/MKLabbar/MikrodatorteknikTMIK13/Lab1_Tarning/Debug/../Core/Src/main.c:152: undefined reference to `put_die_dots'
collect2: error: ld returned 1 exit status
make: *** [makefile:64: Lab1_Tarning.elf] Error 1
"make -j8 all" terminated with exit code 2. Build might be incomplete.
14:30:26 **** Incremental Build of configuration Debug for project Lab2_trafikljus ****
make -j8 all 
arm-none-eabi-size  Lab2_trafikljus.elf 
   text	   data	    bss	    dec	    hex	filename
   8644	     12	   1644	  10300	   283c	Lab2_trafikljus.elf
Finished building: default.size.stdout
 
14:30:26 **** Incremental Build of configuration Debug for project Lab3_klocka_och_knapp ****
make -j8 all 
arm-none-eabi-size  Lab3_klocka_och_knapp.elf 
   text	   data	    bss	    dec	    hex	filename
  18496	    120	   2064	  20680	   50c8	Lab3_klocka_och_knapp.elf
Finished building: default.size.stdout
 
14:30:26 **** Incremental Build of configuration Debug for project Lab4_LCD ****
make -j8 all 
arm-none-eabi-gcc "../Core/Src/main.c" -mcpu=cortex-m4 -std=gnu11 -g3 -DDEBUG -DUSE_HAL_DRIVER -DSTM32F401xE -c -I../Core/Inc -I../Drivers/STM32F4xx_HAL_Driver/Inc -I../Drivers/STM32F4xx_HAL_Driver/Inc/Legacy -I../Drivers/CMSIS/Device/ST/STM32F4xx/Include -I../Drivers/CMSIS/Include -O0 -ffunction-sections -fdata-sections -Wall -fstack-usage -fcyclomatic-complexity -MMD -MP -MF"Core/Src/main.d" -MT"Core/Src/main.o" --specs=nano.specs -mfpu=fpv4-sp-d16 -mfloat-abi=hard -mthumb -o "Core/Src/main.o"
../Core/Src/main.c: In function 'uart_print_cd':
../Core/Src/main.c:120:9: warning: implicit declaration of function 'snprintf' [-Wimplicit-function-declaration]
  120 |         snprintf(buffer, sizeof(buffer), "%02d:%02d:%02d\r", pcd->hrs, pcd->min, pcd->sec);
      |         ^~~~~~~~
../Core/Src/main.c:21:1: note: include '<stdio.h>' or provide a declaration of 'snprintf'
   20 | #include "main.h"
  +++ |+#include <stdio.h>
   21 | 
../Core/Src/main.c:120:9: warning: incompatible implicit declaration of built-in function 'snprintf' [-Wbuiltin-declaration-mismatch]
  120 |         snprintf(buffer, sizeof(buffer), "%02d:%02d:%02d\r", pcd->hrs, pcd->min, pcd->sec);
      |         ^~~~~~~~
../Core/Src/main.c:120:9: note: include '<stdio.h>' or provide a declaration of 'snprintf'
../Core/Src/main.c:121:52: warning: implicit declaration of function 'strlen' [-Wimplicit-function-declaration]
  121 |         HAL_UART_Transmit(huart, (uint8_t*)buffer, strlen(buffer), HAL_MAX_DELAY);
      |                                                    ^~~~~~
../Core/Src/main.c:21:1: note: include '<string.h>' or provide a declaration of 'strlen'
   20 | #include "main.h"
  +++ |+#include <string.h>
   21 | 
../Core/Src/main.c:121:52: warning: incompatible implicit declaration of built-in function 'strlen' [-Wbuiltin-declaration-mismatch]
  121 |         HAL_UART_Transmit(huart, (uint8_t*)buffer, strlen(buffer), HAL_MAX_DELAY);
      |                                                    ^~~~~~
../Core/Src/main.c:121:52: note: include '<string.h>' or provide a declaration of 'strlen'
arm-none-eabi-gcc -o "Lab4_LCD.elf" @"objects.list"   -mcpu=cortex-m4 -T"/home/deividas/School/Prog/MKLabbar/MikrodatorteknikTMIK13/Lab4_LCD/STM32F401RETX_FLASH.ld" --specs=nosys.specs -Wl,-Map="Lab4_LCD.map" -Wl,--gc-sections -static --specs=nano.specs -mfpu=fpv4-sp-d16 -mfloat-abi=hard -mthumb -Wl,--start-group -lc -lm -Wl,--end-group
Finished building target: Lab4_LCD.elf
 
arm-none-eabi-size  Lab4_LCD.elf 
arm-none-eabi-objdump -h -S Lab4_LCD.elf  > "Lab4_LCD.list"
   text	   data	    bss	    dec	    hex	filename
  14988	     92	   2140	  17220	   4344	Lab4_LCD.elf
Finished building: default.size.stdout
 
Finished building: Lab4_LCD.list
 
14:30:46 **** Incremental Build of configuration Debug for project Lab4_LCD ****
make -j8 all 
arm-none-eabi-gcc "../Core/Src/main.c" -mcpu=cortex-m4 -std=gnu11 -g3 -DDEBUG -DUSE_HAL_DRIVER -DSTM32F401xE -c -I../Core/Inc -I../Drivers/STM32F4xx_HAL_Driver/Inc -I../Drivers/STM32F4xx_HAL_Driver/Inc/Legacy -I../Drivers/CMSIS/Device/ST/STM32F4xx/Include -I../Drivers/CMSIS/Include -O0 -ffunction-sections -fdata-sections -Wall -fstack-usage -fcyclomatic-complexity -MMD -MP -MF"Core/Src/main.d" -MT"Core/Src/main.o" --specs=nano.specs -mfpu=fpv4-sp-d16 -mfloat-abi=hard -mthumb -o "Core/Src/main.o"
../Core/Src/main.c: In function 'uart_print_cd':
../Core/Src/main.c:120:9: warning: implicit declaration of function 'snprintf' [-Wimplicit-function-declaration]
  120 |         snprintf(buffer, sizeof(buffer), "%02d:%02d:%02d\r", pcd->hrs, pcd->min, pcd->sec);
      |         ^~~~~~~~
../Core/Src/main.c:21:1: note: include '<stdio.h>' or provide a declaration of 'snprintf'
   20 | #include "main.h"
  +++ |+#include <stdio.h>
   21 | 
../Core/Src/main.c:120:9: warning: incompatible implicit declaration of built-in function 'snprintf' [-Wbuiltin-declaration-mismatch]
  120 |         snprintf(buffer, sizeof(buffer), "%02d:%02d:%02d\r", pcd->hrs, pcd->min, pcd->sec);
      |         ^~~~~~~~
../Core/Src/main.c:120:9: note: include '<stdio.h>' or provide a declaration of 'snprintf'
../Core/Src/main.c:121:52: warning: implicit declaration of function 'strlen' [-Wimplicit-function-declaration]
  121 |         HAL_UART_Transmit(huart, (uint8_t*)buffer, strlen(buffer), HAL_MAX_DELAY);
      |                                                    ^~~~~~
../Core/Src/main.c:21:1: note: include '<string.h>' or provide a declaration of 'strlen'
   20 | #include "main.h"
  +++ |+#include <string.h>
   21 | 
../Core/Src/main.c:121:52: warning: incompatible implicit declaration of built-in function 'strlen' [-Wbuiltin-declaration-mismatch]
  121 |         HAL_UART_Transmit(huart, (uint8_t*)buffer, strlen(buffer), HAL_MAX_DELAY);
      |                                                    ^~~~~~
../Core/Src/main.c:121:52: note: include '<string.h>' or provide a declaration of 'strlen'
arm-none-eabi-gcc -o "Lab4_LCD.elf" @"objects.list"   -mcpu=cortex-m4 -T"/home/deividas/School/Prog/MKLabbar/MikrodatorteknikTMIK13/Lab4_LCD/STM32F401RETX_FLASH.ld" --specs=nosys.specs -Wl,-Map="Lab4_LCD.map" -Wl,--gc-sections -static --specs=nano.specs -mfpu=fpv4-sp-d16 -mfloat-abi=hard -mthumb -Wl,--start-group -lc -lm -Wl,--end-group
Finished building target: Lab4_LCD.elf
 
arm-none-eabi-size  Lab4_LCD.elf 
arm-none-eabi-objdump -h -S Lab4_LCD.elf  > "Lab4_LCD.list"
   text	   data	    bss	    dec	    hex	filename
  14988	     92	   2140	  17220	   4344	Lab4_LCD.elf
Finished building: default.size.stdout
 
Finished building: Lab4_LCD.list
 
14:47:22 **** Incremental Build of configuration Debug for project Lab4_LCD ****
make -j8 all 
arm-none-eabi-gcc "../Core/Src/main.c" -mcpu=cortex-m4 -std=gnu11 -g3 -DDEBUG -DUSE_HAL_DRIVER -DSTM32F401xE -c -I../Core/Inc -I../Drivers/STM32F4xx_HAL_Driver/Inc -I../Drivers/STM32F4xx_HAL_Driver/Inc/Legacy -I../Drivers/CMSIS/Device/ST/STM32F4xx/Include -I../Drivers/CMSIS/Include -O0 -ffunction-sections -fdata-sections -Wall -fstack-usage -fcyclomatic-complexity -MMD -MP -MF"Core/Src/main.d" -MT"Core/Src/main.o" --specs=nano.specs -mfpu=fpv4-sp-d16 -mfloat-abi=hard -mthumb -o "Core/Src/main.o"
../Core/Src/main.c: In function 'uart_print_cd':
../Core/Src/main.c:120:9: warning: implicit declaration of function 'snprintf' [-Wimplicit-function-declaration]
  120 |         snprintf(buffer, sizeof(buffer), "%02d:%02d:%02d\r", pcd->hrs, pcd->min, pcd->sec);
      |         ^~~~~~~~
../Core/Src/main.c:21:1: note: include '<stdio.h>' or provide a declaration of 'snprintf'
   20 | #include "main.h"
  +++ |+#include <stdio.h>
   21 | 
../Core/Src/main.c:120:9: warning: incompatible implicit declaration of built-in function 'snprintf' [-Wbuiltin-declaration-mismatch]
  120 |         snprintf(buffer, sizeof(buffer), "%02d:%02d:%02d\r", pcd->hrs, pcd->min, pcd->sec);
      |         ^~~~~~~~
../Core/Src/main.c:120:9: note: include '<stdio.h>' or provide a declaration of 'snprintf'
../Core/Src/main.c:121:52: warning: implicit declaration of function 'strlen' [-Wimplicit-function-declaration]
  121 |         HAL_UART_Transmit(huart, (uint8_t*)buffer, strlen(buffer), HAL_MAX_DELAY);
      |                                                    ^~~~~~
../Core/Src/main.c:21:1: note: include '<string.h>' or provide a declaration of 'strlen'
   20 | #include "main.h"
  +++ |+#include <string.h>
   21 | 
../Core/Src/main.c:121:52: warning: incompatible implicit declaration of built-in function 'strlen' [-Wbuiltin-declaration-mismatch]
  121 |         HAL_UART_Transmit(huart, (uint8_t*)buffer, strlen(buffer), HAL_MAX_DELAY);
      |                                                    ^~~~~~
../Core/Src/main.c:121:52: note: include '<string.h>' or provide a declaration of 'strlen'
../Core/Src/main.c: In function 'main':
../Core/Src/main.c:180:14: warning: unused variable 'LETTERS_TOTAL' [-Wunused-variable]
  180 |   const char LETTERS_TOTAL = 'Z' - 'A';
      |              ^~~~~~~~~~~~~
../Core/Src/main.c:179:14: warning: unused variable 'ASCII_CAPITAL_OFFSET' [-Wunused-variable]
  179 |   const char ASCII_CAPITAL_OFFSET = 'A';
      |              ^~~~~~~~~~~~~~~~~~~~
../Core/Src/main.c:178:8: warning: unused variable 'c' [-Wunused-variable]
  178 |   char c = 0;
      |        ^
arm-none-eabi-gcc -o "Lab4_LCD.elf" @"objects.list"   -mcpu=cortex-m4 -T"/home/deividas/School/Prog/MKLabbar/MikrodatorteknikTMIK13/Lab4_LCD/STM32F401RETX_FLASH.ld" --specs=nosys.specs -Wl,-Map="Lab4_LCD.map" -Wl,--gc-sections -static --specs=nano.specs -mfpu=fpv4-sp-d16 -mfloat-abi=hard -mthumb -Wl,--start-group -lc -lm -Wl,--end-group
Finished building target: Lab4_LCD.elf
 
arm-none-eabi-size  Lab4_LCD.elf 
arm-none-eabi-objdump -h -S Lab4_LCD.elf  > "Lab4_LCD.list"
   text	   data	    bss	    dec	    hex	filename
  14760	     92	   2140	  16992	   4260	Lab4_LCD.elf
Finished building: default.size.stdout
 
Finished building: Lab4_LCD.list
 
14:49:28 **** Incremental Build of configuration Debug for project Lab4_LCD ****
make -j8 all 
arm-none-eabi-gcc "../Core/Src/main.c" -mcpu=cortex-m4 -std=gnu11 -g3 -DDEBUG -DUSE_HAL_DRIVER -DSTM32F401xE -c -I../Core/Inc -I../Drivers/STM32F4xx_HAL_Driver/Inc -I../Drivers/STM32F4xx_HAL_Driver/Inc/Legacy -I../Drivers/CMSIS/Device/ST/STM32F4xx/Include -I../Drivers/CMSIS/Include -O0 -ffunction-sections -fdata-sections -Wall -fstack-usage -fcyclomatic-complexity -MMD -MP -MF"Core/Src/main.d" -MT"Core/Src/main.o" --specs=nano.specs -mfpu=fpv4-sp-d16 -mfloat-abi=hard -mthumb -o "Core/Src/main.o"
../Core/Src/main.c: In function 'uart_print_cd':
../Core/Src/main.c:122:9: warning: implicit declaration of function 'snprintf' [-Wimplicit-function-declaration]
  122 |         snprintf(buffer, sizeof(buffer), "%02d:%02d:%02d\r", pcd->hrs, pcd->min, pcd->sec);
      |         ^~~~~~~~
../Core/Src/main.c:21:1: note: include '<stdio.h>' or provide a declaration of 'snprintf'
   20 | #include "main.h"
  +++ |+#include <stdio.h>
   21 | 
../Core/Src/main.c:122:9: warning: incompatible implicit declaration of built-in function 'snprintf' [-Wbuiltin-declaration-mismatch]
  122 |         snprintf(buffer, sizeof(buffer), "%02d:%02d:%02d\r", pcd->hrs, pcd->min, pcd->sec);
      |         ^~~~~~~~
../Core/Src/main.c:122:9: note: include '<stdio.h>' or provide a declaration of 'snprintf'
../Core/Src/main.c:123:52: warning: implicit declaration of function 'strlen' [-Wimplicit-function-declaration]
  123 |         HAL_UART_Transmit(huart, (uint8_t*)buffer, strlen(buffer), HAL_MAX_DELAY);
      |                                                    ^~~~~~
../Core/Src/main.c:21:1: note: include '<string.h>' or provide a declaration of 'strlen'
   20 | #include "main.h"
  +++ |+#include <string.h>
   21 | 
../Core/Src/main.c:123:52: warning: incompatible implicit declaration of built-in function 'strlen' [-Wbuiltin-declaration-mismatch]
  123 |         HAL_UART_Transmit(huart, (uint8_t*)buffer, strlen(buffer), HAL_MAX_DELAY);
      |                                                    ^~~~~~
../Core/Src/main.c:123:52: note: include '<string.h>' or provide a declaration of 'strlen'
../Core/Src/main.c: In function 'main':
../Core/Src/main.c:182:14: warning: unused variable 'LETTERS_TOTAL' [-Wunused-variable]
  182 |   const char LETTERS_TOTAL = 'Z' - 'A';
      |              ^~~~~~~~~~~~~
../Core/Src/main.c:181:14: warning: unused variable 'ASCII_CAPITAL_OFFSET' [-Wunused-variable]
  181 |   const char ASCII_CAPITAL_OFFSET = 'A';
      |              ^~~~~~~~~~~~~~~~~~~~
../Core/Src/main.c:180:8: warning: unused variable 'c' [-Wunused-variable]
  180 |   char c = 0;
      |        ^
arm-none-eabi-gcc -o "Lab4_LCD.elf" @"objects.list"   -mcpu=cortex-m4 -T"/home/deividas/School/Prog/MKLabbar/MikrodatorteknikTMIK13/Lab4_LCD/STM32F401RETX_FLASH.ld" --specs=nosys.specs -Wl,-Map="Lab4_LCD.map" -Wl,--gc-sections -static --specs=nano.specs -mfpu=fpv4-sp-d16 -mfloat-abi=hard -mthumb -Wl,--start-group -lc -lm -Wl,--end-group
Finished building target: Lab4_LCD.elf
 
arm-none-eabi-size  Lab4_LCD.elf 
arm-none-eabi-objdump -h -S Lab4_LCD.elf  > "Lab4_LCD.list"
   text	   data	    bss	    dec	    hex	filename
  14784	     92	   2140	  17016	   4278	Lab4_LCD.elf
Finished building: default.size.stdout
 
Finished building: Lab4_LCD.list
 
14:50:04 **** Incremental Build of configuration Debug for project Lab4_LCD ****
make -j8 all 
arm-none-eabi-size  Lab4_LCD.elf 
   text	   data	    bss	    dec	    hex	filename
  14784	     92	   2140	  17016	   4278	Lab4_LCD.elf
Finished building: default.size.stdout
 
14:50:11 **** Incremental Build of configuration Debug for project Lab4_LCD ****
make -j8 all 
arm-none-eabi-size  Lab4_LCD.elf 
   text	   data	    bss	    dec	    hex	filename
  14784	     92	   2140	  17016	   4278	Lab4_LCD.elf
Finished building: default.size.stdout
 
14:59:19 **** Incremental Build of configuration Debug for project Lab4_LCD ****
make -j8 all 
arm-none-eabi-gcc "../Core/Src/main.c" -mcpu=cortex-m4 -std=gnu11 -g3 -DDEBUG -DUSE_HAL_DRIVER -DSTM32F401xE -c -I../Core/Inc -I../Drivers/STM32F4xx_HAL_Driver/Inc -I../Drivers/STM32F4xx_HAL_Driver/Inc/Legacy -I../Drivers/CMSIS/Device/ST/STM32F4xx/Include -I../Drivers/CMSIS/Include -O0 -ffunction-sections -fdata-sections -Wall -fstack-usage -fcyclomatic-complexity -MMD -MP -MF"Core/Src/main.d" -MT"Core/Src/main.o" --specs=nano.specs -mfpu=fpv4-sp-d16 -mfloat-abi=hard -mthumb -o "Core/Src/main.o"
../Core/Src/main.c: In function 'uart_print_cd':
../Core/Src/main.c:122:9: warning: implicit declaration of function 'snprintf' [-Wimplicit-function-declaration]
  122 |         snprintf(buffer, sizeof(buffer), "%02d:%02d:%02d\r", pcd->hrs, pcd->min, pcd->sec);
      |         ^~~~~~~~
../Core/Src/main.c:21:1: note: include '<stdio.h>' or provide a declaration of 'snprintf'
   20 | #include "main.h"
  +++ |+#include <stdio.h>
   21 | 
../Core/Src/main.c:122:9: warning: incompatible implicit declaration of built-in function 'snprintf' [-Wbuiltin-declaration-mismatch]
  122 |         snprintf(buffer, sizeof(buffer), "%02d:%02d:%02d\r", pcd->hrs, pcd->min, pcd->sec);
      |         ^~~~~~~~
../Core/Src/main.c:122:9: note: include '<stdio.h>' or provide a declaration of 'snprintf'
../Core/Src/main.c:123:52: warning: implicit declaration of function 'strlen' [-Wimplicit-function-declaration]
  123 |         HAL_UART_Transmit(huart, (uint8_t*)buffer, strlen(buffer), HAL_MAX_DELAY);
      |                                                    ^~~~~~
../Core/Src/main.c:21:1: note: include '<string.h>' or provide a declaration of 'strlen'
   20 | #include "main.h"
  +++ |+#include <string.h>
   21 | 
../Core/Src/main.c:123:52: warning: incompatible implicit declaration of built-in function 'strlen' [-Wbuiltin-declaration-mismatch]
  123 |         HAL_UART_Transmit(huart, (uint8_t*)buffer, strlen(buffer), HAL_MAX_DELAY);
      |                                                    ^~~~~~
../Core/Src/main.c:123:52: note: include '<string.h>' or provide a declaration of 'strlen'
../Core/Src/main.c: In function 'main':
../Core/Src/main.c:199:11: warning: implicit declaration of function 'TextLCD_PutChar' [-Wimplicit-function-declaration]
  199 |           TextLCD_PutChar(&lcd, c + ASCII_CAPITAL_OFFSET);
      |           ^~~~~~~~~~~~~~~
../Core/Src/main.c:199:28: error: 'lcd' undeclared (first use in this function)
  199 |           TextLCD_PutChar(&lcd, c + ASCII_CAPITAL_OFFSET);
      |                            ^~~
../Core/Src/main.c:199:28: note: each undeclared identifier is reported only once for each function it appears in
make: *** [Core/Src/subdir.mk:37: Core/Src/main.o] Error 1
"make -j8 all" terminated with exit code 2. Build might be incomplete.
15:26:27 **** Incremental Build of configuration Debug for project Lab4_LCD ****
make -j8 all 
arm-none-eabi-gcc "../Core/Src/main.c" -mcpu=cortex-m4 -std=gnu11 -g3 -DDEBUG -DUSE_HAL_DRIVER -DSTM32F401xE -c -I../Core/Inc -I../Drivers/STM32F4xx_HAL_Driver/Inc -I../Drivers/STM32F4xx_HAL_Driver/Inc/Legacy -I../Drivers/CMSIS/Device/ST/STM32F4xx/Include -I../Drivers/CMSIS/Include -O0 -ffunction-sections -fdata-sections -Wall -fstack-usage -fcyclomatic-complexity -MMD -MP -MF"Core/Src/main.d" -MT"Core/Src/main.o" --specs=nano.specs -mfpu=fpv4-sp-d16 -mfloat-abi=hard -mthumb -o "Core/Src/main.o"
../Core/Src/main.c: In function 'uart_print_cd':
../Core/Src/main.c:122:9: warning: implicit declaration of function 'snprintf' [-Wimplicit-function-declaration]
  122 |         snprintf(buffer, sizeof(buffer), "%02d:%02d:%02d\r", pcd->hrs, pcd->min, pcd->sec);
      |         ^~~~~~~~
../Core/Src/main.c:21:1: note: include '<stdio.h>' or provide a declaration of 'snprintf'
   20 | #include "main.h"
  +++ |+#include <stdio.h>
   21 | 
../Core/Src/main.c:122:9: warning: incompatible implicit declaration of built-in function 'snprintf' [-Wbuiltin-declaration-mismatch]
  122 |         snprintf(buffer, sizeof(buffer), "%02d:%02d:%02d\r", pcd->hrs, pcd->min, pcd->sec);
      |         ^~~~~~~~
../Core/Src/main.c:122:9: note: include '<stdio.h>' or provide a declaration of 'snprintf'
../Core/Src/main.c:123:52: warning: implicit declaration of function 'strlen' [-Wimplicit-function-declaration]
  123 |         HAL_UART_Transmit(huart, (uint8_t*)buffer, strlen(buffer), HAL_MAX_DELAY);
      |                                                    ^~~~~~
../Core/Src/main.c:21:1: note: include '<string.h>' or provide a declaration of 'strlen'
   20 | #include "main.h"
  +++ |+#include <string.h>
   21 | 
../Core/Src/main.c:123:52: warning: incompatible implicit declaration of built-in function 'strlen' [-Wbuiltin-declaration-mismatch]
  123 |         HAL_UART_Transmit(huart, (uint8_t*)buffer, strlen(buffer), HAL_MAX_DELAY);
      |                                                    ^~~~~~
../Core/Src/main.c:123:52: note: include '<string.h>' or provide a declaration of 'strlen'
../Core/Src/main.c: At top level:
../Core/Src/main.c:137:22: error: unknown type name 'TextLCDType'
  137 | void TextLCD_PutChar(TextLCDType * hlcd, char c)
      |                      ^~~~~~~~~~~
../Core/Src/main.c:153:26: error: unknown type name 'TextLCDType'
  153 | void TextLCD_setDDRAMAdr(TextLCDType * hlcd, uint8_t adr)
      |                          ^~~~~~~~~~~
../Core/Src/main.c:159:21: error: unknown type name 'TextLCDType'
  159 | void TextLCD_SetPos(TextLCDType * hlcd, int col, int row)
      |                     ^~~~~~~~~~~
../Core/Src/main.c: In function 'main':
../Core/Src/main.c:222:11: warning: implicit declaration of function 'TextLCD_PutChar' [-Wimplicit-function-declaration]
  222 |           TextLCD_PutChar(&lcd,a);
      |           ^~~~~~~~~~~~~~~
../Core/Src/main.c:222:28: error: 'lcd' undeclared (first use in this function)
  222 |           TextLCD_PutChar(&lcd,a);
      |                            ^~~
../Core/Src/main.c:222:28: note: each undeclared identifier is reported only once for each function it appears in
make: *** [Core/Src/subdir.mk:37: Core/Src/main.o] Error 1
"make -j8 all" terminated with exit code 2. Build might be incomplete.
13:30:18 **** Incremental Build of configuration Debug for project Lab4_LCD ****
make -j8 all 
arm-none-eabi-gcc "../Core/Src/lcd.c" -mcpu=cortex-m4 -std=gnu11 -g3 -DDEBUG -DUSE_HAL_DRIVER -DSTM32F401xE -c -I../Core/Inc -I../Drivers/STM32F4xx_HAL_Driver/Inc -I../Drivers/STM32F4xx_HAL_Driver/Inc/Legacy -I../Drivers/CMSIS/Device/ST/STM32F4xx/Include -I../Drivers/CMSIS/Include -O0 -ffunction-sections -fdata-sections -Wall -fstack-usage -fcyclomatic-complexity -MMD -MP -MF"Core/Src/lcd.d" -MT"Core/Src/lcd.o" --specs=nano.specs -mfpu=fpv4-sp-d16 -mfloat-abi=hard -mthumb -o "Core/Src/lcd.o"
arm-none-eabi-gcc "../Core/Src/main.c" -mcpu=cortex-m4 -std=gnu11 -g3 -DDEBUG -DUSE_HAL_DRIVER -DSTM32F401xE -c -I../Core/Inc -I../Drivers/STM32F4xx_HAL_Driver/Inc -I../Drivers/STM32F4xx_HAL_Driver/Inc/Legacy -I../Drivers/CMSIS/Device/ST/STM32F4xx/Include -I../Drivers/CMSIS/Include -O0 -ffunction-sections -fdata-sections -Wall -fstack-usage -fcyclomatic-complexity -MMD -MP -MF"Core/Src/main.d" -MT"Core/Src/main.o" --specs=nano.specs -mfpu=fpv4-sp-d16 -mfloat-abi=hard -mthumb -o "Core/Src/main.o"
../Core/Src/main.c: In function 'uart_print_cd':
../Core/Src/main.c:122:9: warning: implicit declaration of function 'sprintf' [-Wimplicit-function-declaration]
  122 |         sprintf(buffer, "%02d:%02d:%02d\r", pcd->hrs, pcd->min, pcd->sec);
      |         ^~~~~~~
../Core/Src/main.c:21:1: note: include '<stdio.h>' or provide a declaration of 'sprintf'
   20 | #include "main.h"
  +++ |+#include <stdio.h>
   21 | 
../Core/Src/main.c:122:9: warning: incompatible implicit declaration of built-in function 'sprintf' [-Wbuiltin-declaration-mismatch]
  122 |         sprintf(buffer, "%02d:%02d:%02d\r", pcd->hrs, pcd->min, pcd->sec);
      |         ^~~~~~~
../Core/Src/main.c:122:9: note: include '<stdio.h>' or provide a declaration of 'sprintf'
../Core/Src/main.c:124:53: warning: implicit declaration of function 'strlen' [-Wimplicit-function-declaration]
  124 |         HAL_UART_Transmit(huart, (uint8_t*) buffer, strlen(buffer), HAL_MAX_DELAY);
      |                                                     ^~~~~~
../Core/Src/main.c:21:1: note: include '<string.h>' or provide a declaration of 'strlen'
   20 | #include "main.h"
  +++ |+#include <string.h>
   21 | 
../Core/Src/main.c:124:53: warning: incompatible implicit declaration of built-in function 'strlen' [-Wbuiltin-declaration-mismatch]
  124 |         HAL_UART_Transmit(huart, (uint8_t*) buffer, strlen(buffer), HAL_MAX_DELAY);
      |                                                     ^~~~~~
../Core/Src/main.c:124:53: note: include '<string.h>' or provide a declaration of 'strlen'
arm-none-eabi-gcc -o "Lab4_LCD.elf" @"objects.list"   -mcpu=cortex-m4 -T"/home/deividas/School/Prog/MKLabbar/MikrodatorteknikTMIK13/Lab4_LCD/STM32F401RETX_FLASH.ld" --specs=nosys.specs -Wl,-Map="Lab4_LCD.map" -Wl,--gc-sections -static --specs=nano.specs -mfpu=fpv4-sp-d16 -mfloat-abi=hard -mthumb -Wl,--start-group -lc -lm -Wl,--end-group
Finished building target: Lab4_LCD.elf
 
arm-none-eabi-size  Lab4_LCD.elf 
arm-none-eabi-objdump -h -S Lab4_LCD.elf  > "Lab4_LCD.list"
   text	   data	    bss	    dec	    hex	filename
  14724	     92	   2140	  16956	   423c	Lab4_LCD.elf
Finished building: default.size.stdout
 
Finished building: Lab4_LCD.list
 
13:34:27 **** Incremental Build of configuration Debug for project Lab4_LCD ****
make -j8 all 
arm-none-eabi-gcc "../Core/Src/main.c" -mcpu=cortex-m4 -std=gnu11 -g3 -DDEBUG -DUSE_HAL_DRIVER -DSTM32F401xE -c -I../Core/Inc -I../Drivers/STM32F4xx_HAL_Driver/Inc -I../Drivers/STM32F4xx_HAL_Driver/Inc/Legacy -I../Drivers/CMSIS/Device/ST/STM32F4xx/Include -I../Drivers/CMSIS/Include -O0 -ffunction-sections -fdata-sections -Wall -fstack-usage -fcyclomatic-complexity -MMD -MP -MF"Core/Src/main.d" -MT"Core/Src/main.o" --specs=nano.specs -mfpu=fpv4-sp-d16 -mfloat-abi=hard -mthumb -o "Core/Src/main.o"
../Core/Src/main.c: In function 'uart_print_cd':
../Core/Src/main.c:122:9: warning: implicit declaration of function 'sprintf' [-Wimplicit-function-declaration]
  122 |         sprintf(buffer, "%02d:%02d:%02d\r", pcd->hrs, pcd->min, pcd->sec);
      |         ^~~~~~~
../Core/Src/main.c:21:1: note: include '<stdio.h>' or provide a declaration of 'sprintf'
   20 | #include "main.h"
  +++ |+#include <stdio.h>
   21 | 
../Core/Src/main.c:122:9: warning: incompatible implicit declaration of built-in function 'sprintf' [-Wbuiltin-declaration-mismatch]
  122 |         sprintf(buffer, "%02d:%02d:%02d\r", pcd->hrs, pcd->min, pcd->sec);
      |         ^~~~~~~
../Core/Src/main.c:122:9: note: include '<stdio.h>' or provide a declaration of 'sprintf'
../Core/Src/main.c:124:53: warning: implicit declaration of function 'strlen' [-Wimplicit-function-declaration]
  124 |         HAL_UART_Transmit(huart, (uint8_t*) buffer, strlen(buffer), HAL_MAX_DELAY);
      |                                                     ^~~~~~
../Core/Src/main.c:21:1: note: include '<string.h>' or provide a declaration of 'strlen'
   20 | #include "main.h"
  +++ |+#include <string.h>
   21 | 
../Core/Src/main.c:124:53: warning: incompatible implicit declaration of built-in function 'strlen' [-Wbuiltin-declaration-mismatch]
  124 |         HAL_UART_Transmit(huart, (uint8_t*) buffer, strlen(buffer), HAL_MAX_DELAY);
      |                                                     ^~~~~~
../Core/Src/main.c:124:53: note: include '<string.h>' or provide a declaration of 'strlen'
../Core/Src/main.c: In function 'main':
../Core/Src/main.c:186:3: error: unknown type name 'TextLCDType'
  186 |   TextLCDType hlcd;
      |   ^~~~~~~~~~~
../Core/Src/main.c:186:15: warning: unused variable 'hlcd' [-Wunused-variable]
  186 |   TextLCDType hlcd;
      |               ^~~~
make: *** [Core/Src/subdir.mk:37: Core/Src/main.o] Error 1
"make -j8 all" terminated with exit code 2. Build might be incomplete.
13:34:48 **** Incremental Build of configuration Debug for project Lab4_LCD ****
make -j8 all 
arm-none-eabi-gcc "../Core/Src/main.c" -mcpu=cortex-m4 -std=gnu11 -g3 -DDEBUG -DUSE_HAL_DRIVER -DSTM32F401xE -c -I../Core/Inc -I../Drivers/STM32F4xx_HAL_Driver/Inc -I../Drivers/STM32F4xx_HAL_Driver/Inc/Legacy -I../Drivers/CMSIS/Device/ST/STM32F4xx/Include -I../Drivers/CMSIS/Include -O0 -ffunction-sections -fdata-sections -Wall -fstack-usage -fcyclomatic-complexity -MMD -MP -MF"Core/Src/main.d" -MT"Core/Src/main.o" --specs=nano.specs -mfpu=fpv4-sp-d16 -mfloat-abi=hard -mthumb -o "Core/Src/main.o"
../Core/Src/main.c: In function 'uart_print_cd':
../Core/Src/main.c:122:9: warning: implicit declaration of function 'sprintf' [-Wimplicit-function-declaration]
  122 |         sprintf(buffer, "%02d:%02d:%02d\r", pcd->hrs, pcd->min, pcd->sec);
      |         ^~~~~~~
../Core/Src/main.c:21:1: note: include '<stdio.h>' or provide a declaration of 'sprintf'
   20 | #include "main.h"
  +++ |+#include <stdio.h>
   21 | 
../Core/Src/main.c:122:9: warning: incompatible implicit declaration of built-in function 'sprintf' [-Wbuiltin-declaration-mismatch]
  122 |         sprintf(buffer, "%02d:%02d:%02d\r", pcd->hrs, pcd->min, pcd->sec);
      |         ^~~~~~~
../Core/Src/main.c:122:9: note: include '<stdio.h>' or provide a declaration of 'sprintf'
../Core/Src/main.c:124:53: warning: implicit declaration of function 'strlen' [-Wimplicit-function-declaration]
  124 |         HAL_UART_Transmit(huart, (uint8_t*) buffer, strlen(buffer), HAL_MAX_DELAY);
      |                                                     ^~~~~~
../Core/Src/main.c:21:1: note: include '<string.h>' or provide a declaration of 'strlen'
   20 | #include "main.h"
  +++ |+#include <string.h>
   21 | 
../Core/Src/main.c:124:53: warning: incompatible implicit declaration of built-in function 'strlen' [-Wbuiltin-declaration-mismatch]
  124 |         HAL_UART_Transmit(huart, (uint8_t*) buffer, strlen(buffer), HAL_MAX_DELAY);
      |                                                     ^~~~~~
../Core/Src/main.c:124:53: note: include '<string.h>' or provide a declaration of 'strlen'
arm-none-eabi-gcc -o "Lab4_LCD.elf" @"objects.list"   -mcpu=cortex-m4 -T"/home/deividas/School/Prog/MKLabbar/MikrodatorteknikTMIK13/Lab4_LCD/STM32F401RETX_FLASH.ld" --specs=nosys.specs -Wl,-Map="Lab4_LCD.map" -Wl,--gc-sections -static --specs=nano.specs -mfpu=fpv4-sp-d16 -mfloat-abi=hard -mthumb -Wl,--start-group -lc -lm -Wl,--end-group
Finished building target: Lab4_LCD.elf
 
arm-none-eabi-size  Lab4_LCD.elf 
arm-none-eabi-objdump -h -S Lab4_LCD.elf  > "Lab4_LCD.list"
   text	   data	    bss	    dec	    hex	filename
  14724	     92	   2140	  16956	   423c	Lab4_LCD.elf
Finished building: default.size.stdout
 
Finished building: Lab4_LCD.list
 
13:35:21 **** Incremental Build of configuration Debug for project Lab4_LCD ****
make -j8 all 
arm-none-eabi-gcc "../Core/Src/main.c" -mcpu=cortex-m4 -std=gnu11 -g3 -DDEBUG -DUSE_HAL_DRIVER -DSTM32F401xE -c -I../Core/Inc -I../Drivers/STM32F4xx_HAL_Driver/Inc -I../Drivers/STM32F4xx_HAL_Driver/Inc/Legacy -I../Drivers/CMSIS/Device/ST/STM32F4xx/Include -I../Drivers/CMSIS/Include -O0 -ffunction-sections -fdata-sections -Wall -fstack-usage -fcyclomatic-complexity -MMD -MP -MF"Core/Src/main.d" -MT"Core/Src/main.o" --specs=nano.specs -mfpu=fpv4-sp-d16 -mfloat-abi=hard -mthumb -o "Core/Src/main.o"
../Core/Src/main.c: In function 'uart_print_cd':
../Core/Src/main.c:122:9: warning: implicit declaration of function 'sprintf' [-Wimplicit-function-declaration]
  122 |         sprintf(buffer, "%02d:%02d:%02d\r", pcd->hrs, pcd->min, pcd->sec);
      |         ^~~~~~~
../Core/Src/main.c:21:1: note: include '<stdio.h>' or provide a declaration of 'sprintf'
   20 | #include "main.h"
  +++ |+#include <stdio.h>
   21 | 
../Core/Src/main.c:122:9: warning: incompatible implicit declaration of built-in function 'sprintf' [-Wbuiltin-declaration-mismatch]
  122 |         sprintf(buffer, "%02d:%02d:%02d\r", pcd->hrs, pcd->min, pcd->sec);
      |         ^~~~~~~
../Core/Src/main.c:122:9: note: include '<stdio.h>' or provide a declaration of 'sprintf'
../Core/Src/main.c:124:53: warning: implicit declaration of function 'strlen' [-Wimplicit-function-declaration]
  124 |         HAL_UART_Transmit(huart, (uint8_t*) buffer, strlen(buffer), HAL_MAX_DELAY);
      |                                                     ^~~~~~
../Core/Src/main.c:21:1: note: include '<string.h>' or provide a declaration of 'strlen'
   20 | #include "main.h"
  +++ |+#include <string.h>
   21 | 
../Core/Src/main.c:124:53: warning: incompatible implicit declaration of built-in function 'strlen' [-Wbuiltin-declaration-mismatch]
  124 |         HAL_UART_Transmit(huart, (uint8_t*) buffer, strlen(buffer), HAL_MAX_DELAY);
      |                                                     ^~~~~~
../Core/Src/main.c:124:53: note: include '<string.h>' or provide a declaration of 'strlen'
arm-none-eabi-gcc -o "Lab4_LCD.elf" @"objects.list"   -mcpu=cortex-m4 -T"/home/deividas/School/Prog/MKLabbar/MikrodatorteknikTMIK13/Lab4_LCD/STM32F401RETX_FLASH.ld" --specs=nosys.specs -Wl,-Map="Lab4_LCD.map" -Wl,--gc-sections -static --specs=nano.specs -mfpu=fpv4-sp-d16 -mfloat-abi=hard -mthumb -Wl,--start-group -lc -lm -Wl,--end-group
Finished building target: Lab4_LCD.elf
 
arm-none-eabi-size  Lab4_LCD.elf 
arm-none-eabi-objdump -h -S Lab4_LCD.elf  > "Lab4_LCD.list"
   text	   data	    bss	    dec	    hex	filename
  14724	     92	   2140	  16956	   423c	Lab4_LCD.elf
Finished building: default.size.stdout
 
Finished building: Lab4_LCD.list
 
